#
# A fatal error has been detected by the Java Runtime Environment:
#
#  EXCEPTION_ACCESS_VIOLATION (0xc0000005) at pc=0x00000000739d939e, pid=5916, tid=0x000000000000227c
#
# JRE version: OpenJDK Runtime Environment (8.0_242-b01) (build 1.8.0_242-release-1644-b01)
# Java VM: OpenJDK 64-Bit Server VM (25.242-b01 mixed mode windows-amd64 compressed oops)
# Problematic frame:
# V  [jvm.dll+0x42939e]
#
# Failed to write core dump. Minidumps are not enabled by default on client versions of Windows
#
# If you would like to submit a bug report, please visit:
#   
#

---------------  T H R E A D  ---------------

Current thread (0x0000000019af8000):  JavaThread "C2 CompilerThread2" daemon [_thread_in_native, id=8828, stack(0x000000001a5c0000,0x000000001a6c0000)]

siginfo: ExceptionCode=0xc0000005, writing address 0x00000000258db2da

Registers:
RAX=0x00000000258d32b2, RBX=0x0000000020164290, RCX=0x00000000ffffffff, RDX=0x000000001a6bc840
RSP=0x000000001a6bc5c0, RBP=0xffffffffffffffff, RSI=0x0000000000004014, RDI=0x00000000258d3ad0
R8 =0x00000000000000cf, R9 =0x00000000254e7060, R10=0x0000000000000000, R11=0x00000000258d3458
R12=0x0000000000000001, R13=0x0000000000000004, R14=0x00000000258d0460, R15=0x000000001a6bc840
RIP=0x00000000739d939e, EFLAGS=0x0000000000010286

Top of Stack: (sp=0x000000001a6bc5c0)
0x000000001a6bc5c0:   ffffffffffffffff 000000000f000000
0x000000001a6bc5d0:   0000000020167a30 00000000736781eb
0x000000001a6bc5e0:   0000000000000000 00000000000000cf
0x000000001a6bc5f0:   00000000258d0460 0000000000000004
0x000000001a6bc600:   00000000201678e0 000000001a6bebf0
0x000000001a6bc610:   000000001b2068c0 00000000258d3ad0
0x000000001a6bc620:   000000001a6bc6a8 00000000739d984f
0x000000001a6bc630:   0000000000000008 00000000258d3280
0x000000001a6bc640:   00000000000000cf 00000000254e7060
0x000000001a6bc650:   0000000019af1f50 00000000254e7060
0x000000001a6bc660:   0000000019af1f50 000000000000019e
0x000000001a6bc670:   0000000000000678 0000000000000040
0x000000001a6bc680:   0000000019af1f50 00000000254e8230
0x000000001a6bc690:   0000000000000005 0000000019af8000
0x000000001a6bc6a0:   000000001aa08980 0000000073b602f8
0x000000001a6bc6b0:   000000001a6bebf0 0000000000000001 

Instructions: (pc=0x00000000739d939e)
0x00000000739d937e:   07 66 44 89 0c 70 48 8b 07 66 44 89 04 68 eb 7c
0x00000000739d938e:   0f b6 43 2c 24 0f 3c 0c 74 72 48 8b 07 83 c9 ff
0x00000000739d939e:   66 89 0c 70 48 8b 07 66 89 0c 68 0f b6 43 2c 24
0x00000000739d93ae:   0f 3c 08 75 57 48 8b 43 08 48 8b 08 0f b6 41 2c 


Register to memory mapping:

RAX=0x00000000258d32b2 is an unknown value
RBX=0x0000000020164290 is an unknown value
RCX=0x00000000ffffffff is an unallocated location in the heap
RDX=0x000000001a6bc840 is pointing into the stack for thread: 0x0000000019af8000
RSP=0x000000001a6bc5c0 is pointing into the stack for thread: 0x0000000019af8000
RBP=0xffffffffffffffff is an unknown value
RSI=0x0000000000004014 is an unknown value
RDI=0x00000000258d3ad0 is an unknown value
R8 =0x00000000000000cf is an unknown value
R9 =0x00000000254e7060 is an unknown value
R10=0x0000000000000000 is an unknown value
R11=0x00000000258d3458 is an unknown value
R12=0x0000000000000001 is an unknown value
R13=0x0000000000000004 is an unknown value
R14=0x00000000258d0460 is an unknown value
R15=0x000000001a6bc840 is pointing into the stack for thread: 0x0000000019af8000


Stack: [0x000000001a5c0000,0x000000001a6c0000],  sp=0x000000001a6bc5c0,  free space=1009k
Native frames: (J=compiled Java code, j=interpreted, Vv=VM code, C=native code)
V  [jvm.dll+0x42939e]
V  [jvm.dll+0x42984f]
V  [jvm.dll+0x4cf3c4]
V  [jvm.dll+0x4457e2]
V  [jvm.dll+0x447fa8]
V  [jvm.dll+0x42b072]
V  [jvm.dll+0x8230f]
V  [jvm.dll+0x82c7f]
V  [jvm.dll+0x220b7f]
V  [jvm.dll+0x27276a]
C  [msvcr100.dll+0x21d9f]
C  [msvcr100.dll+0x21e3b]
C  [KERNEL32.DLL+0x17bd4]
C  [ntdll.dll+0x6ce51]


Current CompileTask:
C2: 264557 14750       4       java.io.ObjectInputStream$BlockDataInputStream::read (62 bytes)


---------------  P R O C E S S  ---------------

Java Threads: ( => current thread )
  0x0000000027229800 JavaThread "ForkJoinPool.commonPool-worker-7" daemon [_thread_in_Java, id=3796, stack(0x000000002bd90000,0x000000002be90000)]
  0x000000002721e000 JavaThread "ForkJoinPool.commonPool-worker-6" daemon [_thread_in_Java, id=6908, stack(0x000000002bc90000,0x000000002bd90000)]
  0x0000000027223800 JavaThread "ForkJoinPool.commonPool-worker-5" daemon [_thread_blocked, id=1408, stack(0x000000002bb90000,0x000000002bc90000)]
  0x0000000027221000 JavaThread "ForkJoinPool.commonPool-worker-4" daemon [_thread_in_Java, id=7876, stack(0x000000002ba90000,0x000000002bb90000)]
  0x0000000027222800 JavaThread "ForkJoinPool.commonPool-worker-3" daemon [_thread_in_Java, id=6972, stack(0x000000002b990000,0x000000002ba90000)]
  0x000000002721f000 JavaThread "ForkJoinPool.commonPool-worker-2" daemon [_thread_in_native, id=2028, stack(0x000000002b890000,0x000000002b990000)]
  0x000000002721c000 JavaThread "ForkJoinPool.commonPool-worker-1" daemon [_thread_blocked, id=6492, stack(0x000000002b790000,0x000000002b890000)]
  0x000000002721f800 JavaThread "WorkerExecutor Queue Thread 8" [_thread_blocked, id=4724, stack(0x000000002b690000,0x000000002b790000)]
  0x0000000027220800 JavaThread "WorkerExecutor Queue Thread 7" [_thread_blocked, id=9064, stack(0x000000002b590000,0x000000002b690000)]
  0x000000002721d800 JavaThread "WorkerExecutor Queue Thread 6" [_thread_blocked, id=1076, stack(0x000000002b490000,0x000000002b590000)]
  0x0000000027222000 JavaThread "WorkerExecutor Queue Thread 5" [_thread_in_vm, id=2544, stack(0x000000002b390000,0x000000002b490000)]
  0x000000002721c800 JavaThread "WorkerExecutor Queue Thread 4" [_thread_blocked, id=7824, stack(0x000000002b290000,0x000000002b390000)]
  0x0000000019cde800 JavaThread "WorkerExecutor Queue Thread 3" [_thread_blocked, id=3100, stack(0x000000002b190000,0x000000002b290000)]
  0x0000000019cd7000 JavaThread "WorkerExecutor Queue Thread 2" [_thread_blocked, id=1768, stack(0x00000000291c0000,0x00000000292c0000)]
  0x0000000019cdc800 JavaThread "WorkerExecutor Queue" [_thread_in_native, id=2172, stack(0x0000000029ec0000,0x0000000029fc0000)]
  0x0000000019ce0000 JavaThread "Cache worker for Java compile cache (C:\Users\Asus\RunningTrackerApp\.gradle\6.1.1\javaCompile)" [_thread_blocked, id=8912, stack(0x00000000297c0000,0x00000000298c0000)]
  0x0000000019cd2800 JavaThread "Cache worker for Java compile cache (C:\Users\Asus\.gradle\caches\6.1.1\javaCompile)" [_thread_blocked, id=6120, stack(0x00000000296c0000,0x00000000297c0000)]
  0x0000000019cd9800 JavaThread "RMI TCP Connection(1)-127.0.0.1" daemon [_thread_in_native, id=7428, stack(0x00000000295c0000,0x00000000296c0000)]
  0x0000000019cd2000 JavaThread "RMI Reaper" [_thread_blocked, id=8512, stack(0x00000000294c0000,0x00000000295c0000)]
  0x0000000019cd8800 JavaThread "RMI TCP Accept-0" daemon [_thread_in_native, id=8132, stack(0x00000000293c0000,0x00000000294c0000)]
  0x0000000019cd1000 JavaThread "GC Daemon" daemon [_thread_blocked, id=1332, stack(0x00000000292c0000,0x00000000293c0000)]
  0x0000000019cd6800 JavaThread "RMI Scheduler(0)" daemon [_thread_blocked, id=4600, stack(0x00000000290c0000,0x00000000291c0000)]
  0x0000000019cd3800 JavaThread "Cache worker for execution history cache (C:\Users\Asus\RunningTrackerApp\.gradle\6.1.1\executionHistory)" [_thread_blocked, id=3708, stack(0x0000000028dc0000,0x0000000028ec0000)]
  0x000000001c5f8000 JavaThread "Execution worker for ':' Thread 7" [_thread_blocked, id=8844, stack(0x0000000028cc0000,0x0000000028dc0000)]
  0x000000001c5f5800 JavaThread "Execution worker for ':' Thread 6" [_thread_blocked, id=5276, stack(0x0000000028bc0000,0x0000000028cc0000)]
  0x00000000201a1800 JavaThread "Execution worker for ':' Thread 5" [_thread_blocked, id=8128, stack(0x0000000028ac0000,0x0000000028bc0000)]
  0x00000000201a0000 JavaThread "Execution worker for ':' Thread 4" [_thread_blocked, id=4956, stack(0x00000000289c0000,0x0000000028ac0000)]
  0x000000002019e000 JavaThread "Execution worker for ':' Thread 3" [_thread_blocked, id=632, stack(0x00000000288c0000,0x00000000289c0000)]
  0x000000002019d000 JavaThread "Execution worker for ':' Thread 2" [_thread_blocked, id=4588, stack(0x00000000287c0000,0x00000000288c0000)]
  0x000000002019e800 JavaThread "Execution worker for ':'" [_thread_blocked, id=7356, stack(0x0000000028480000,0x0000000028580000)]
  0x00000000201a1000 JavaThread "Cache worker for file content cache (C:\Users\Asus\RunningTrackerApp\.gradle\6.1.1\fileContent)" [_thread_blocked, id=4168, stack(0x00000000286c0000,0x00000000287c0000)]
  0x000000002019b000 JavaThread "Cache worker for file content cache (C:\Users\Asus\.gradle\caches\6.1.1\fileContent)" [_thread_blocked, id=4348, stack(0x00000000285c0000,0x00000000286c0000)]
  0x000000002019f800 JavaThread "Cache worker for Build Output Cleanup Cache (C:\Users\Asus\RunningTrackerApp\.gradle\buildOutputCleanup)" [_thread_blocked, id=7412, stack(0x0000000028380000,0x0000000028480000)]
  0x0000000020198000 JavaThread "Build operations Thread 8" [_thread_blocked, id=1684, stack(0x00000000264b0000,0x00000000265b0000)]
  0x0000000020193800 JavaThread "Build operations Thread 7" [_thread_blocked, id=688, stack(0x0000000023e00000,0x0000000023f00000)]
  0x000000002019a000 JavaThread "Build operations Thread 6" [_thread_blocked, id=8300, stack(0x0000000023700000,0x0000000023800000)]
  0x0000000020196800 JavaThread "Build operations Thread 5" [_thread_blocked, id=3768, stack(0x0000000023600000,0x0000000023700000)]
  0x0000000020194000 JavaThread "Build operations Thread 4" [_thread_blocked, id=1788, stack(0x0000000023500000,0x0000000023600000)]
  0x0000000020198800 JavaThread "Build operations Thread 3" [_thread_blocked, id=3436, stack(0x0000000023400000,0x0000000023500000)]
  0x0000000020199800 JavaThread "Build operations Thread 2" [_thread_blocked, id=7724, stack(0x0000000023300000,0x0000000023400000)]
  0x0000000020192800 JavaThread "Build operations" [_thread_blocked, id=3096, stack(0x0000000023200000,0x0000000023300000)]
  0x000000001f083000 JavaThread "Cache worker for cache directory md-rule (C:\Users\Asus\.gradle\caches\6.1.1\md-rule)" [_thread_blocked, id=4536, stack(0x0000000022ed0000,0x0000000022fd0000)]
  0x000000001f086000 JavaThread "Cache worker for cache directory md-supplier (C:\Users\Asus\.gradle\caches\6.1.1\md-supplier)" [_thread_blocked, id=264, stack(0x00000000222d0000,0x00000000223d0000)]
  0x000000001f088800 JavaThread "Cache worker for file hash cache (C:\Users\Asus\RunningTrackerApp\.gradle\6.1.1\fileHashes)" [_thread_blocked, id=3224, stack(0x0000000021fd0000,0x00000000220d0000)]
  0x000000001f085800 JavaThread "Cache worker for checksums cache (C:\Users\Asus\RunningTrackerApp\.gradle\checksums)" [_thread_blocked, id=5616, stack(0x000000001e3e0000,0x000000001e4e0000)]
  0x000000001f084000 JavaThread "Thread-49" [_thread_blocked, id=4020, stack(0x000000001e2e0000,0x000000001e3e0000)]
  0x000000001f087800 JavaThread "Stdin handler" [_thread_blocked, id=1804, stack(0x000000001e0e0000,0x000000001e1e0000)]
  0x000000001f082800 JavaThread "Asynchronous log dispatcher for DefaultDaemonConnection: socket connection from /127.0.0.1:50585 to /127.0.0.1:50705" [_thread_blocked, id=8604, stack(0x000000001dbe0000,0x000000001dce0000)]
  0x000000001f087000 JavaThread "Cancel handler" [_thread_blocked, id=2416, stack(0x0000000001040000,0x0000000001140000)]
  0x000000001f079800 JavaThread "Handler for socket connection from /127.0.0.1:50585 to /127.0.0.1:50705" [_thread_in_native, id=3824, stack(0x0000000000f40000,0x0000000001040000)]
  0x000000001f07d000 JavaThread "Memory manager" [_thread_blocked, id=2256, stack(0x0000000024700000,0x0000000024800000)]
  0x0000000020195800 JavaThread "Daemon worker Thread 2" [_thread_blocked, id=2124, stack(0x000000001dae0000,0x000000001dbe0000)]
  0x0000000020197000 JavaThread "Daemon Thread 2" [_thread_blocked, id=5900, stack(0x0000000000e40000,0x0000000000f40000)]
  0x000000001c5f8800 JavaThread "Cache worker for execution history cache (C:\Users\Asus\.gradle\caches\6.1.1\executionHistory)" [_thread_blocked, id=3152, stack(0x00000000223d0000,0x00000000224d0000)]
  0x000000001c5f3800 JavaThread "Cache worker for file hash cache (C:\Users\Asus\.gradle\caches\6.1.1\fileHashes)" [_thread_blocked, id=8732, stack(0x000000001e8e0000,0x000000001e9e0000)]
  0x000000001c5f5000 JavaThread "File lock request listener" [_thread_in_native, id=1608, stack(0x000000001e7e0000,0x000000001e8e0000)]
  0x000000001c5f2000 JavaThread "Cache worker for journal cache (C:\Users\Asus\.gradle\caches\journal-1)" [_thread_blocked, id=3940, stack(0x000000001e6e0000,0x000000001e7e0000)]
  0x000000001c464800 JavaThread "Daemon periodic checks" [_thread_blocked, id=6788, stack(0x000000001d9e0000,0x000000001dae0000)]
  0x000000001c45c000 JavaThread "Incoming local TCP Connector on port 50585" [_thread_in_native, id=1416, stack(0x000000001d7a0000,0x000000001d8a0000)]
  0x000000001c34a800 JavaThread "Daemon health stats" [_thread_blocked, id=6244, stack(0x000000001d160000,0x000000001d260000)]
  0x0000000019b7d800 JavaThread "Service Thread" daemon [_thread_blocked, id=1856, stack(0x000000001a7c0000,0x000000001a8c0000)]
  0x0000000019b07800 JavaThread "C1 CompilerThread3" daemon [_thread_in_native, id=7764, stack(0x000000001a6c0000,0x000000001a7c0000)]
=>0x0000000019af8000 JavaThread "C2 CompilerThread2" daemon [_thread_in_native, id=8828, stack(0x000000001a5c0000,0x000000001a6c0000)]
  0x0000000019af7000 JavaThread "C2 CompilerThread1" daemon [_thread_in_native, id=9024, stack(0x000000001a4c0000,0x000000001a5c0000)]
  0x0000000019af1000 JavaThread "C2 CompilerThread0" daemon [_thread_in_native, id=8928, stack(0x000000001a3c0000,0x000000001a4c0000)]
  0x0000000019af0000 JavaThread "Attach Listener" daemon [_thread_blocked, id=1316, stack(0x000000001a2c0000,0x000000001a3c0000)]
  0x0000000019aef000 JavaThread "Signal Dispatcher" daemon [_thread_blocked, id=7056, stack(0x000000001a1c0000,0x000000001a2c0000)]
  0x0000000002c49000 JavaThread "Finalizer" daemon [_thread_blocked, id=6520, stack(0x0000000019fc0000,0x000000001a0c0000)]
  0x0000000017cbc000 JavaThread "Reference Handler" daemon [_thread_blocked, id=8792, stack(0x0000000019ec0000,0x0000000019fc0000)]
  0x0000000002b4e000 JavaThread "main" [_thread_blocked, id=7440, stack(0x0000000002a00000,0x0000000002b00000)]

Other Threads:
  0x0000000017cb8000 VMThread [stack: 0x00000000199c0000,0x0000000019ac0000] [id=6116]
  0x0000000019b86800 WatcherThread [stack: 0x000000001a8c0000,0x000000001a9c0000] [id=7496]

VM state:not at safepoint (normal execution)

VM Mutex/Monitor currently owned by a thread: None

heap address: 0x0000000080000000, size: 2048 MB, Compressed Oops mode: 32-bit
Narrow klass base: 0x0000000000000000, Narrow klass shift: 3
Compressed class space size: 1073741824 Address: 0x0000000100000000

Heap:
 PSYoungGen      total 364032K, used 292509K [0x00000000d5580000, 0x00000000edf00000, 0x0000000100000000)
  eden space 338432K, 86% used [0x00000000d5580000,0x00000000e73274e0,0x00000000ea000000)
  from space 25600K, 0% used [0x00000000ec600000,0x00000000ec600000,0x00000000edf00000)
  to   space 32256K, 0% used [0x00000000ea000000,0x00000000ea000000,0x00000000ebf80000)
 ParOldGen       total 302592K, used 81235K [0x0000000080000000, 0x0000000092780000, 0x00000000d5580000)
  object space 302592K, 26% used [0x0000000080000000,0x0000000084f54eb0,0x0000000092780000)
 Metaspace       used 96257K, capacity 100826K, committed 101656K, reserved 1136640K
  class space    used 12706K, capacity 13689K, committed 13864K, reserved 1048576K

Card table byte_map: [0x0000000012010000,0x0000000012420000] byte_map_base: 0x0000000011c10000

Marking Bits: (ParMarkBitMap*) 0x0000000073d7f030
 Begin Bits: [0x0000000012ed0000, 0x0000000014ed0000)
 End Bits:   [0x0000000014ed0000, 0x0000000016ed0000)

Polling page: 0x0000000000d10000

CodeCache: size=245760Kb used=41493Kb max_used=41780Kb free=204266Kb
 bounds [0x0000000002c50000, 0x0000000005580000, 0x0000000011c50000]
 total_blobs=13391 nmethods=12491 adapters=810
 compilation: enabled

Compilation events (10 events):
Event: 264.465 Thread 0x0000000019b07800 nmethod 14803 0x0000000004f84d50 code [0x0000000004f84ee0, 0x0000000004f85328]
Event: 264.465 Thread 0x0000000019af1000 nmethod 14805 0x00000000050e2310 code [0x00000000050e2440, 0x00000000050e2518]
Event: 264.465 Thread 0x0000000019af1000 14806       4       java.io.File::<init> (47 bytes)
Event: 264.465 Thread 0x0000000019b07800 14807       3       org.objectweb.asm.ClassReader::readInt (52 bytes)
Event: 264.466 Thread 0x0000000019b07800 nmethod 14807 0x0000000004f53f50 code [0x0000000004f540c0, 0x0000000004f542d0]
Event: 264.466 Thread 0x0000000019b07800 14808       3       sun.nio.fs.WindowsPath::compareTo (118 bytes)
Event: 264.467 Thread 0x0000000019b07800 nmethod 14808 0x0000000004f41210 code [0x0000000004f41480, 0x0000000004f42408]
Event: 264.467 Thread 0x0000000019b07800 14809       3       sun.nio.fs.WindowsPath::getName (47 bytes)
Event: 264.468 Thread 0x0000000019b07800 nmethod 14809 0x0000000004309f10 code [0x000000000430a0c0, 0x000000000430a668]
Event: 264.468 Thread 0x0000000019b07800 14810       3       java.io.BufferedInputStream::<init> (9 bytes)

GC Heap History (10 events):
Event: 202.841 GC heap before
{Heap before GC invocations=14 (full 3):
 PSYoungGen      total 274944K, used 254976K [0x00000000d5580000, 0x00000000e7a80000, 0x0000000100000000)
  eden space 254976K, 100% used [0x00000000d5580000,0x00000000e4e80000,0x00000000e4e80000)
  from space 19968K, 0% used [0x00000000e6180000,0x00000000e6180000,0x00000000e7500000)
  to   space 19456K, 0% used [0x00000000e4e80000,0x00000000e4e80000,0x00000000e6180000)
 ParOldGen       total 193024K, used 45536K [0x0000000080000000, 0x000000008bc80000, 0x00000000d5580000)
  object space 193024K, 23% used [0x0000000080000000,0x0000000082c781d8,0x000000008bc80000)
 Metaspace       used 68259K, capacity 71714K, committed 71832K, reserved 1112064K
  class space    used 9382K, capacity 10079K, committed 10152K, reserved 1048576K
Event: 202.861 GC heap after
Heap after GC invocations=14 (full 3):
 PSYoungGen      total 274432K, used 19446K [0x00000000d5580000, 0x00000000eab00000, 0x0000000100000000)
  eden space 254976K, 0% used [0x00000000d5580000,0x00000000d5580000,0x00000000e4e80000)
  from space 19456K, 99% used [0x00000000e4e80000,0x00000000e617d898,0x00000000e6180000)
  to   space 22528K, 0% used [0x00000000e9500000,0x00000000e9500000,0x00000000eab00000)
 ParOldGen       total 193024K, used 48226K [0x0000000080000000, 0x000000008bc80000, 0x00000000d5580000)
  object space 193024K, 24% used [0x0000000080000000,0x0000000082f189e8,0x000000008bc80000)
 Metaspace       used 68259K, capacity 71714K, committed 71832K, reserved 1112064K
  class space    used 9382K, capacity 10079K, committed 10152K, reserved 1048576K
}
Event: 206.007 GC heap before
{Heap before GC invocations=15 (full 3):
 PSYoungGen      total 274432K, used 274410K [0x00000000d5580000, 0x00000000eab00000, 0x0000000100000000)
  eden space 254976K, 99% used [0x00000000d5580000,0x00000000e4e7d080,0x00000000e4e80000)
  from space 19456K, 99% used [0x00000000e4e80000,0x00000000e617d898,0x00000000e6180000)
  to   space 22528K, 0% used [0x00000000e9500000,0x00000000e9500000,0x00000000eab00000)
 ParOldGen       total 193024K, used 48226K [0x0000000080000000, 0x000000008bc80000, 0x00000000d5580000)
  object space 193024K, 24% used [0x0000000080000000,0x0000000082f189e8,0x000000008bc80000)
 Metaspace       used 78147K, capacity 82208K, committed 82456K, reserved 1120256K
  class space    used 10703K, capacity 11543K, committed 11560K, reserved 1048576K
Event: 206.035 GC heap after
Heap after GC invocations=15 (full 3):
 PSYoungGen      total 323584K, used 22265K [0x00000000d5580000, 0x00000000eac80000, 0x0000000100000000)
  eden space 301056K, 0% used [0x00000000d5580000,0x00000000d5580000,0x00000000e7b80000)
  from space 22528K, 98% used [0x00000000e9500000,0x00000000eaabe418,0x00000000eab00000)
  to   space 25088K, 0% used [0x00000000e7b80000,0x00000000e7b80000,0x00000000e9400000)
 ParOldGen       total 193024K, used 61395K [0x0000000080000000, 0x000000008bc80000, 0x00000000d5580000)
  object space 193024K, 31% used [0x0000000080000000,0x0000000083bf4f28,0x000000008bc80000)
 Metaspace       used 78147K, capacity 82208K, committed 82456K, reserved 1120256K
  class space    used 10703K, capacity 11543K, committed 11560K, reserved 1048576K
}
Event: 233.703 GC heap before
{Heap before GC invocations=16 (full 3):
 PSYoungGen      total 323584K, used 323321K [0x00000000d5580000, 0x00000000eac80000, 0x0000000100000000)
  eden space 301056K, 100% used [0x00000000d5580000,0x00000000e7b80000,0x00000000e7b80000)
  from space 22528K, 98% used [0x00000000e9500000,0x00000000eaabe418,0x00000000eab00000)
  to   space 25088K, 0% used [0x00000000e7b80000,0x00000000e7b80000,0x00000000e9400000)
 ParOldGen       total 193024K, used 61395K [0x0000000080000000, 0x000000008bc80000, 0x00000000d5580000)
  object space 193024K, 31% used [0x0000000080000000,0x0000000083bf4f28,0x000000008bc80000)
 Metaspace       used 84712K, capacity 89344K, committed 89624K, reserved 1126400K
  class space    used 11318K, capacity 12256K, committed 12328K, reserved 1048576K
Event: 233.727 GC heap after
Heap after GC invocations=16 (full 3):
 PSYoungGen      total 326144K, used 25058K [0x00000000d5580000, 0x00000000ee500000, 0x0000000100000000)
  eden space 301056K, 0% used [0x00000000d5580000,0x00000000d5580000,0x00000000e7b80000)
  from space 25088K, 99% used [0x00000000e7b80000,0x00000000e93f8aa0,0x00000000e9400000)
  to   space 31744K, 0% used [0x00000000ec600000,0x00000000ec600000,0x00000000ee500000)
 ParOldGen       total 193024K, used 70468K [0x0000000080000000, 0x000000008bc80000, 0x00000000d5580000)
  object space 193024K, 36% used [0x0000000080000000,0x00000000844d1310,0x000000008bc80000)
 Metaspace       used 84712K, capacity 89344K, committed 89624K, reserved 1126400K
  class space    used 11318K, capacity 12256K, committed 12328K, reserved 1048576K
}
Event: 262.157 GC heap before
{Heap before GC invocations=17 (full 3):
 PSYoungGen      total 326144K, used 283058K [0x00000000d5580000, 0x00000000ee500000, 0x0000000100000000)
  eden space 301056K, 85% used [0x00000000d5580000,0x00000000e5173ea0,0x00000000e7b80000)
  from space 25088K, 99% used [0x00000000e7b80000,0x00000000e93f8aa0,0x00000000e9400000)
  to   space 31744K, 0% used [0x00000000ec600000,0x00000000ec600000,0x00000000ee500000)
 ParOldGen       total 193024K, used 70468K [0x0000000080000000, 0x000000008bc80000, 0x00000000d5580000)
  object space 193024K, 36% used [0x0000000080000000,0x00000000844d1310,0x000000008bc80000)
 Metaspace       used 93543K, capacity 98542K, committed 98600K, reserved 1134592K
  class space    used 12440K, capacity 13453K, committed 13480K, reserved 1048576K
Event: 262.213 GC heap after
Heap after GC invocations=17 (full 3):
 PSYoungGen      total 364032K, used 21243K [0x00000000d5580000, 0x00000000edf00000, 0x0000000100000000)
  eden space 338432K, 0% used [0x00000000d5580000,0x00000000d5580000,0x00000000ea000000)
  from space 25600K, 82% used [0x00000000ec600000,0x00000000edabef00,0x00000000edf00000)
  to   space 32256K, 0% used [0x00000000ea000000,0x00000000ea000000,0x00000000ebf80000)
 ParOldGen       total 193024K, used 92682K [0x0000000080000000, 0x000000008bc80000, 0x00000000d5580000)
  object space 193024K, 48% used [0x0000000080000000,0x0000000085a82830,0x000000008bc80000)
 Metaspace       used 93543K, capacity 98542K, committed 98600K, reserved 1134592K
  class space    used 12440K, capacity 13453K, committed 13480K, reserved 1048576K
}
Event: 262.213 GC heap before
{Heap before GC invocations=18 (full 4):
 PSYoungGen      total 364032K, used 21243K [0x00000000d5580000, 0x00000000edf00000, 0x0000000100000000)
  eden space 338432K, 0% used [0x00000000d5580000,0x00000000d5580000,0x00000000ea000000)
  from space 25600K, 82% used [0x00000000ec600000,0x00000000edabef00,0x00000000edf00000)
  to   space 32256K, 0% used [0x00000000ea000000,0x00000000ea000000,0x00000000ebf80000)
 ParOldGen       total 193024K, used 92682K [0x0000000080000000, 0x000000008bc80000, 0x00000000d5580000)
  object space 193024K, 48% used [0x0000000080000000,0x0000000085a82830,0x000000008bc80000)
 Metaspace       used 93543K, capacity 98542K, committed 98600K, reserved 1134592K
  class space    used 12440K, capacity 13453K, committed 13480K, reserved 1048576K
Event: 262.523 GC heap after
Heap after GC invocations=18 (full 4):
 PSYoungGen      total 364032K, used 0K [0x00000000d5580000, 0x00000000edf00000, 0x0000000100000000)
  eden space 338432K, 0% used [0x00000000d5580000,0x00000000d5580000,0x00000000ea000000)
  from space 25600K, 0% used [0x00000000ec600000,0x00000000ec600000,0x00000000edf00000)
  to   space 32256K, 0% used [0x00000000ea000000,0x00000000ea000000,0x00000000ebf80000)
 ParOldGen       total 302592K, used 81235K [0x0000000080000000, 0x0000000092780000, 0x00000000d5580000)
  object space 302592K, 26% used [0x0000000080000000,0x0000000084f54eb0,0x0000000092780000)
 Metaspace       used 93190K, capacity 97524K, committed 98600K, reserved 1134592K
  class space    used 12324K, capacity 13248K, committed 13480K, reserved 1048576K
}

Deoptimization events (10 events):
Event: 264.444 Thread 0x000000002721d800 Uncommon trap: reason=bimorphic action=maybe_recompile pc=0x00000000055332e4 method=java.util.regex.Pattern$Begin.match(Ljava/util/regex/Matcher;ILjava/lang/CharSequence;)Z @ 30
Event: 264.444 Thread 0x000000002721c800 Uncommon trap: reason=bimorphic action=maybe_recompile pc=0x00000000055332e4 method=java.util.regex.Pattern$Begin.match(Ljava/util/regex/Matcher;ILjava/lang/CharSequence;)Z @ 30
Event: 264.444 Thread 0x0000000019cd7000 Uncommon trap: reason=bimorphic action=maybe_recompile pc=0x00000000055332e4 method=java.util.regex.Pattern$Begin.match(Ljava/util/regex/Matcher;ILjava/lang/CharSequence;)Z @ 30
Event: 264.444 Thread 0x0000000019cde800 Uncommon trap: reason=bimorphic action=maybe_recompile pc=0x00000000055332e4 method=java.util.regex.Pattern$Begin.match(Ljava/util/regex/Matcher;ILjava/lang/CharSequence;)Z @ 30
Event: 264.444 Thread 0x0000000027220800 Uncommon trap: reason=bimorphic action=maybe_recompile pc=0x00000000055332e4 method=java.util.regex.Pattern$Begin.match(Ljava/util/regex/Matcher;ILjava/lang/CharSequence;)Z @ 30
Event: 264.444 Thread 0x0000000027222000 Uncommon trap: reason=bimorphic action=maybe_recompile pc=0x00000000055332e4 method=java.util.regex.Pattern$Begin.match(Ljava/util/regex/Matcher;ILjava/lang/CharSequence;)Z @ 30
Event: 264.444 Thread 0x000000002721f800 Uncommon trap: reason=bimorphic action=maybe_recompile pc=0x00000000055332e4 method=java.util.regex.Pattern$Begin.match(Ljava/util/regex/Matcher;ILjava/lang/CharSequence;)Z @ 30
Event: 264.444 Thread 0x0000000027220800 Uncommon trap: reason=unstable_if action=reinterpret pc=0x00000000054ecd54 method=java.util.regex.Pattern$SliceU.match(Ljava/util/regex/Matcher;ILjava/lang/CharSequence;)Z @ 29
Event: 264.444 Thread 0x000000002721c800 Uncommon trap: reason=unstable_if action=reinterpret pc=0x00000000054ecd54 method=java.util.regex.Pattern$SliceU.match(Ljava/util/regex/Matcher;ILjava/lang/CharSequence;)Z @ 29
Event: 264.450 Thread 0x000000002721c800 Uncommon trap: reason=unstable_if action=reinterpret pc=0x0000000005534584 method=java.util.Spliterators$IteratorSpliterator.estimateSize()J @ 4

Classes redefined (0 events):
No events

Internal exceptions (10 events):
Event: 262.132 Thread 0x0000000019cdc800 Exception <a 'java/lang/NoSuchMethodError': java.lang.Object.lambda$asRunnable$0(Lcom/android/tools/build/apkzlib/utils/IOExceptionRunnable;)V> (0x00000000e4f5e210) thrown at [C:\src\AOSP-openjdk-git\hotspot\src\share\vm\interpreter\linkResolver.cpp, line
Event: 262.579 Thread 0x0000000019cdc800 Exception <a 'java/lang/NoSuchMethodError': java.lang.Object.newSystemTemporaryDirectory()Lcom/android/tools/build/apkzlib/bytestorage/TemporaryDirectory;> (0x00000000d5c2dd30) thrown at [C:\src\AOSP-openjdk-git\hotspot\src\share\vm\interpreter\linkResolv
Event: 263.856 Thread 0x0000000019cdc800 Implicit null exception at 0x0000000005478eaa to 0x0000000005478ef9
Event: 263.856 Thread 0x0000000019cdc800 Implicit null exception at 0x0000000005440a30 to 0x0000000005440a40
Event: 264.006 Thread 0x00000000201a1800 Exception <a 'sun/nio/fs/WindowsException'> (0x00000000e0c243b8) thrown at [C:\src\AOSP-openjdk-git\hotspot\src\share\vm\prims\jni.cpp, line 710]
Event: 264.366 Thread 0x00000000201a1800 Exception <a 'java/lang/NoSuchMethodError': <clinit>> (0x00000000e4b97ae8) thrown at [C:\src\AOSP-openjdk-git\hotspot\src\share\vm\prims\jni.cpp, line 1615]
Event: 264.431 Thread 0x000000002721f000 Exception <a 'sun/nio/fs/WindowsException'> (0x00000000e4ea1770) thrown at [C:\src\AOSP-openjdk-git\hotspot\src\share\vm\prims\jni.cpp, line 710]
Event: 264.431 Thread 0x0000000027222800 Exception <a 'sun/nio/fs/WindowsException'> (0x00000000e4ee5e70) thrown at [C:\src\AOSP-openjdk-git\hotspot\src\share\vm\prims\jni.cpp, line 710]
Event: 264.432 Thread 0x0000000027221000 Exception <a 'sun/nio/fs/WindowsException'> (0x00000000e4f2a170) thrown at [C:\src\AOSP-openjdk-git\hotspot\src\share\vm\prims\jni.cpp, line 710]
Event: 264.441 Thread 0x0000000027223800 Exception <a 'java/lang/NoSuchMethodError': java.lang.Object.lambda$static$0(Ljava/lang/String;)Z> (0x00000000e4ffc150) thrown at [C:\src\AOSP-openjdk-git\hotspot\src\share\vm\interpreter\linkResolver.cpp, line 620]

Events (10 events):
Event: 264.461 loading class com/android/builder/desugaring/DesugaringData
Event: 264.461 loading class com/android/builder/desugaring/DesugaringData done
Event: 264.462 loading class com/android/tools/r8/BaseCompilerCommand$Builder
Event: 264.462 loading class com/android/tools/r8/BaseCompilerCommand$Builder done
Event: 264.463 loading class org/objectweb/asm/ConstantDynamic
Event: 264.463 loading class org/objectweb/asm/ConstantDynamic done
Event: 264.464 loading class org/objectweb/asm/Type
Event: 264.464 loading class org/objectweb/asm/Type done
Event: 264.466 loading class com/android/tools/r8/D8Command$Builder
Event: 264.466 loading class com/android/tools/r8/D8Command$Builder done


Dynamic libraries:
0x00007ff60d2f0000 - 0x00007ff60d321000 	D:\Android Studio Data\jre\bin\java.exe
0x00007ffb838e0000 - 0x00007ffb83ad0000 	C:\WINDOWS\SYSTEM32\ntdll.dll
0x00007ffb81e70000 - 0x00007ffb81f22000 	C:\WINDOWS\System32\KERNEL32.DLL
0x00007ffb81540000 - 0x00007ffb817e4000 	C:\WINDOWS\System32\KERNELBASE.dll
0x00007ffb81ad0000 - 0x00007ffb81b73000 	C:\WINDOWS\System32\ADVAPI32.dll
0x00007ffb81c50000 - 0x00007ffb81cee000 	C:\WINDOWS\System32\msvcrt.dll
0x00007ffb82880000 - 0x00007ffb82917000 	C:\WINDOWS\System32\sechost.dll
0x00007ffb82760000 - 0x00007ffb82880000 	C:\WINDOWS\System32\RPCRT4.dll
0x00007ffb82920000 - 0x00007ffb82ab4000 	C:\WINDOWS\System32\USER32.dll
0x00007ffb818c0000 - 0x00007ffb818e1000 	C:\WINDOWS\System32\win32u.dll
0x00007ffb83870000 - 0x00007ffb83896000 	C:\WINDOWS\System32\GDI32.dll
0x00007ffb813a0000 - 0x00007ffb81536000 	C:\WINDOWS\System32\gdi32full.dll
0x00007ffb818f0000 - 0x00007ffb8198e000 	C:\WINDOWS\System32\msvcp_win.dll
0x00007ffb80a60000 - 0x00007ffb80b5a000 	C:\WINDOWS\System32\ucrtbase.dll
0x00007ffb7f5b0000 - 0x00007ffb7f834000 	C:\WINDOWS\WinSxS\amd64_microsoft.windows.common-controls_6595b64144ccf1df_6.0.18362.959_none_e6c7bbbf130c62bb\COMCTL32.dll
0x00007ffb821b0000 - 0x00007ffb824e5000 	C:\WINDOWS\System32\combase.dll
0x00007ffb809e0000 - 0x00007ffb80a60000 	C:\WINDOWS\System32\bcryptPrimitives.dll
0x00007ffb824f0000 - 0x00007ffb8251e000 	C:\WINDOWS\System32\IMM32.DLL
0x00000000734d0000 - 0x00000000735a2000 	D:\Android Studio Data\jre\jre\bin\msvcr100.dll
0x00000000735b0000 - 0x0000000073dfb000 	D:\Android Studio Data\jre\jre\bin\server\jvm.dll
0x00007ffb83720000 - 0x00007ffb83728000 	C:\WINDOWS\System32\PSAPI.DLL
0x00007ffb7d210000 - 0x00007ffb7d234000 	C:\WINDOWS\SYSTEM32\WINMM.dll
0x00007ffb6bb90000 - 0x00007ffb6bb99000 	C:\WINDOWS\SYSTEM32\WSOCK32.dll
0x00007ffb7bf40000 - 0x00007ffb7bf4a000 	C:\WINDOWS\SYSTEM32\VERSION.dll
0x00007ffb82140000 - 0x00007ffb821af000 	C:\WINDOWS\System32\WS2_32.dll
0x00007ffb7d000000 - 0x00007ffb7d02d000 	C:\WINDOWS\SYSTEM32\WINMMBASE.dll
0x00007ffb81870000 - 0x00007ffb818ba000 	C:\WINDOWS\System32\cfgmgr32.dll
0x00007ffb7e6c0000 - 0x00007ffb7e6cf000 	D:\Android Studio Data\jre\jre\bin\verify.dll
0x00007ffb6d470000 - 0x00007ffb6d499000 	D:\Android Studio Data\jre\jre\bin\java.dll
0x00007ffb6d2d0000 - 0x00007ffb6d2e6000 	D:\Android Studio Data\jre\jre\bin\zip.dll
0x00007ffb83030000 - 0x00007ffb83716000 	C:\WINDOWS\System32\SHELL32.dll
0x00007ffb81dc0000 - 0x00007ffb81e69000 	C:\WINDOWS\System32\shcore.dll
0x00007ffb80c10000 - 0x00007ffb81392000 	C:\WINDOWS\System32\windows.storage.dll
0x00007ffb80810000 - 0x00007ffb80833000 	C:\WINDOWS\System32\profapi.dll
0x00007ffb807a0000 - 0x00007ffb807ea000 	C:\WINDOWS\System32\powrprof.dll
0x00007ffb80790000 - 0x00007ffb807a0000 	C:\WINDOWS\System32\UMPDC.dll
0x00007ffb820e0000 - 0x00007ffb82132000 	C:\WINDOWS\System32\shlwapi.dll
0x00007ffb807f0000 - 0x00007ffb80801000 	C:\WINDOWS\System32\kernel.appcore.dll
0x00007ffb817f0000 - 0x00007ffb81807000 	C:\WINDOWS\System32\cryptsp.dll
0x00007ffb6d620000 - 0x00007ffb6d63a000 	D:\Android Studio Data\jre\jre\bin\net.dll
0x00007ffb7fc60000 - 0x00007ffb7fcc7000 	C:\WINDOWS\system32\mswsock.dll
0x00007ffb6d600000 - 0x00007ffb6d613000 	D:\Android Studio Data\jre\jre\bin\nio.dll
0x00007ffb5c8b0000 - 0x00007ffb5c8d6000 	C:\Users\Asus\.gradle\native\31\windows-amd64\native-platform.dll
0x00007ffb7e480000 - 0x00007ffb7e48d000 	D:\Android Studio Data\jre\jre\bin\management.dll
0x00007ffb7f4f0000 - 0x00007ffb7f523000 	C:\WINDOWS\system32\rsaenh.dll
0x00007ffb809b0000 - 0x00007ffb809d6000 	C:\WINDOWS\System32\bcrypt.dll
0x00007ffb80680000 - 0x00007ffb806a5000 	C:\WINDOWS\SYSTEM32\USERENV.dll
0x00007ffb7fe30000 - 0x00007ffb7fe3c000 	C:\WINDOWS\SYSTEM32\CRYPTBASE.dll
0x00007ffb7f970000 - 0x00007ffb7f9aa000 	C:\WINDOWS\SYSTEM32\IPHLPAPI.DLL
0x00007ffb83860000 - 0x00007ffb83868000 	C:\WINDOWS\System32\NSI.dll
0x00007ffb778e0000 - 0x00007ffb778f6000 	C:\WINDOWS\SYSTEM32\dhcpcsvc6.DLL
0x00007ffb77920000 - 0x00007ffb7793c000 	C:\WINDOWS\SYSTEM32\dhcpcsvc.DLL
0x00007ffb7f9b0000 - 0x00007ffb7fa7b000 	C:\WINDOWS\SYSTEM32\DNSAPI.dll
0x00007ffb7e830000 - 0x00007ffb7e84e000 	C:\Users\Asus\AppData\Local\Temp\native-platform5456358154096188502dir\native-platform.dll
0x00007ffb7fe70000 - 0x00007ffb80064000 	C:\WINDOWS\SYSTEM32\dbghelp.dll

VM Arguments:
jvm_args: -Xmx2048m -Dfile.encoding=windows-1252 -Duser.country=IN -Duser.language=en -Duser.variant 
java_command: org.gradle.launcher.daemon.bootstrap.GradleDaemon 6.1.1
java_class_path (initial): C:\Users\Asus\.gradle\wrapper\dists\gradle-6.1.1-all\cfmwm155h49vnt3hynmlrsdst\gradle-6.1.1\lib\gradle-launcher-6.1.1.jar
Launcher Type: SUN_STANDARD

Environment Variables:
PATH=C:\Python27\;C:\Python27\Scripts;C:\Program Files (x86)\Intel\iCLS Client\;C:\Program Files\Intel\iCLS Client\;C:\Windows\system32;C:\Windows;C:\Windows\System32\Wbem;C:\Windows\System32\WindowsPowerShell\v1.0\;C:\Windows\System32\OpenSSH\;C:\Program Files (x86)\Intel\Intel(R) Management Engine Components\DAL;C:\Program Files\Intel\Intel(R) Management Engine Components\DAL;C:\Program Files (x86)\Intel\Intel(R) Management Engine Components\IPT;C:\Program Files\Intel\Intel(R) Management Engine Components\IPT;C:\Program Files (x86)\NVIDIA Corporation\PhysX\Common;C:\Program Files\Intel\WiFi\bin\;C:\Program Files\Common Files\Intel\WirelessCommon\;C:\Program Files\Git\cmd;C:\ProgramData\chocolatey\bin;C:\Program Files (x86)\GtkSharp\2.12\bin;C:\Users\Asus\AppData\Local\Android\Sdk\platform-tools;C:\Program Files\nodejs\;%SystemRoot%\system32;%SystemRoot%;%SystemRoot%\System32\Wbem;%SYSTEMROOT%\System32\WindowsPowerShell\v1.0\;%SYSTEMROOT%\System32\OpenSSH\;C:\Users\Asus\AppData\Local\Microsoft\WindowsApps;C:\Users\Asus\AppData\Local\Programs\Microsoft VS Code\bin;C:\Program Files\JetBrains\PyCharm Community Edition 2020.1.1\bin;;C:\Users\Asus\AppData\Roaming\npm;D:\flutter\flutter_windows_1.17.3-stable\flutter\bin;
USERNAME=Asus
OS=Windows_NT
PROCESSOR_IDENTIFIER=Intel64 Family 6 Model 142 Stepping 10, GenuineIntel



---------------  S Y S T E M  ---------------

OS: Windows 10.0 , 64 bit Build 18362 (10.0.18362.959)

CPU:total 8 (initial active 8) (4 cores per cpu, 2 threads per core) family 6 model 142 stepping 10, cmov, cx8, fxsr, mmx, sse, sse2, sse3, ssse3, sse4.1, sse4.2, popcnt, avx, avx2, aes, clmul, erms, 3dnowpref, lzcnt, ht, tsc, tscinvbit, bmi1, bmi2, adx

Memory: 4k page, physical 16661048k(11561392k free), swap 24263224k(18113776k free)

vm_info: OpenJDK 64-Bit Server VM (25.242-b01) for windows-amd64 JRE (1.8.0_242-release-1644-b01), built by "builder" with MS VC++ 10.0 (VS2010)

time: Wed Sep 30 20:43:15 2020
timezone: India Standard Time
elapsed time: 264 seconds (0d 0h 4m 24s)

