#
# A fatal error has been detected by the Java Runtime Environment:
#
#  EXCEPTION_ACCESS_VIOLATION (0xc0000005) at pc=0x0000000073a0230f, pid=7740, tid=0x000000000000100c
#
# JRE version: OpenJDK Runtime Environment (8.0_242-b01) (build 1.8.0_242-release-1644-b01)
# Java VM: OpenJDK 64-Bit Server VM (25.242-b01 mixed mode windows-amd64 compressed oops)
# Problematic frame:
# V  [jvm.dll+0x45230f]
#
# Failed to write core dump. Minidumps are not enabled by default on client versions of Windows
#
# If you would like to submit a bug report, please visit:
#   
#

---------------  T H R E A D  ---------------

Current thread (0x000000001772c000):  JavaThread "C2 CompilerThread1" daemon [_thread_in_native, id=4108, stack(0x0000000019f20000,0x000000001a020000)]

siginfo: ExceptionCode=0xc0000005, reading address 0x000000142d696dc0

Registers:
RAX=0x0000000000001409, RBX=0x0000000000000000, RCX=0x000000004000019e, RDX=0x000000002d696c10
RSP=0x000000001a01b760, RBP=0x000000002d6b8220, RSI=0x0000000000000000, RDI=0x0000000000000000
R8 =0x000000142d696da0, R9 =0x000000002d6b8590, R10=0x0000000000000012, R11=0x000000002d696c10
R12=0x000000002d68ec40, R13=0x0000000028319e00, R14=0x0000000022cac8a0, R15=0x0000000000000038
RIP=0x0000000073a0230f, EFLAGS=0x0000000000010206

Top of Stack: (sp=0x000000001a01b760)
0x000000001a01b760:   0000000000000008 0000000000000000
0x000000001a01b770:   0000000000000001 0000000028319e00
0x000000001a01b780:   0000000000000845 000000002340bb30
0x000000001a01b790:   000000000020ae08 00000000234162b0
0x000000001a01b7a0:   0000000028319e00 00000000234162b0
0x000000001a01b7b0:   000000001772a540 0000000073bef9e8
0x000000001a01b7c0:   000000001772a540 0000000000000200
0x000000001a01b7d0:   00000000231795e0 0000000000000001
0x000000001a01b7e0:   0000000000000001 000000001772a540
0x000000001a01b7f0:   000000000000000b 000000002ceb0040
0x000000001a01b800:   000000001772a540 000000001a01bcc0
0x000000001a01b810:   0000000000000000 000000001a01b930
0x000000001a01b820:   000000001a01bce0 0000000073a466eb
0x000000001a01b830:   000000001a01bcc0 0000000000000db8
0x000000001a01b840:   000000002d68ec40 000000002d6b8220
0x000000001a01b850:   000000002ceb0090 000000002ceb8028 

Instructions: (pc=0x0000000073a0230f)
0x0000000073a022ef:   49 8b 46 08 48 8b 0c 03 8b 41 28 41 8b 4c 85 00
0x0000000073a022ff:   83 f9 ff 74 67 4c 8d 04 89 49 c1 e0 04 4d 03 c4
0x0000000073a0230f:   49 8b 48 20 48 85 c9 75 06 49 8b 50 18 eb 42 48
0x0000000073a0231f:   83 79 20 00 74 25 e8 f6 f0 ff ff 4d 8b 48 20 49 


Register to memory mapping:

RAX=0x0000000000001409 is an unknown value
RBX=0x0000000000000000 is an unknown value
RCX=0x000000004000019e is an unknown value
RDX=0x000000002d696c10 is an unknown value
RSP=0x000000001a01b760 is pointing into the stack for thread: 0x000000001772c000
RBP=0x000000002d6b8220 is an unknown value
RSI=0x0000000000000000 is an unknown value
RDI=0x0000000000000000 is an unknown value
R8 =0x000000142d696da0 is an unknown value
R9 =0x000000002d6b8590 is an unknown value
R10=0x0000000000000012 is an unknown value
R11=0x000000002d696c10 is an unknown value
R12=0x000000002d68ec40 is an unknown value
R13=0x0000000028319e00 is an unknown value
R14=0x0000000022cac8a0 is an unknown value
R15=0x0000000000000038 is an unknown value


Stack: [0x0000000019f20000,0x000000001a020000],  sp=0x000000001a01b760,  free space=1005k
Native frames: (J=compiled Java code, j=interpreted, Vv=VM code, C=native code)
V  [jvm.dll+0x45230f]
V  [jvm.dll+0x4966eb]
V  [jvm.dll+0x4470f0]
V  [jvm.dll+0x447f14]
V  [jvm.dll+0x42b072]
V  [jvm.dll+0x8230f]
V  [jvm.dll+0x82c7f]
V  [jvm.dll+0x220b7f]
V  [jvm.dll+0x27276a]
C  [msvcr100.dll+0x21d9f]
C  [msvcr100.dll+0x21e3b]
C  [KERNEL32.DLL+0x17bd4]
C  [ntdll.dll+0x6ce51]


Current CompileTask:
C2: 746442 20973       4       com.sun.tools.javac.comp.Attr::selectSym (600 bytes)


---------------  P R O C E S S  ---------------

Java Threads: ( => current thread )
  0x000000001c044800 JavaThread "WorkerExecutor Queue Thread 4" [_thread_blocked, id=5876, stack(0x000000002aa50000,0x000000002ab50000)]
  0x000000001c047000 JavaThread "ForkJoinPool.commonPool-worker-6" daemon [_thread_blocked, id=4960, stack(0x000000002a520000,0x000000002a620000)]
  0x000000001f3b1800 JavaThread "ForkJoinPool.commonPool-worker-4" daemon [_thread_blocked, id=2784, stack(0x000000002a320000,0x000000002a420000)]
  0x000000001f3b0800 JavaThread "ForkJoinPool.commonPool-worker-2" daemon [_thread_blocked, id=7228, stack(0x000000002a120000,0x000000002a220000)]
  0x000000001f3b0000 JavaThread "ForkJoinPool.commonPool-worker-1" daemon [_thread_blocked, id=2100, stack(0x000000002a020000,0x000000002a120000)]
  0x000000001f3af000 JavaThread "ForkJoinPool.commonPool-worker-0" daemon [_thread_blocked, id=6580, stack(0x0000000029f20000,0x000000002a020000)]
  0x000000001f3a2800 JavaThread "WorkerExecutor Queue Thread 3" [_thread_blocked, id=1412, stack(0x0000000029c20000,0x0000000029d20000)]
  0x000000001f3a7800 JavaThread "RMI TCP Connection(idle)" daemon [_thread_blocked, id=84, stack(0x0000000029750000,0x0000000029850000)]
  0x000000001f3a6000 JavaThread "RMI TCP Connection(3)-127.0.0.1" daemon [_thread_in_native, id=8804, stack(0x0000000029550000,0x0000000029650000)]
  0x00000000281ad800 JavaThread "stdout" [_thread_in_native, id=7812, stack(0x0000000029b20000,0x0000000029c20000)]
  0x00000000281b1000 JavaThread "stderr" [_thread_in_native, id=1652, stack(0x0000000029a20000,0x0000000029b20000)]
  0x00000000281ab000 JavaThread "pool-12-thread-1" [_thread_blocked, id=8200, stack(0x0000000029920000,0x0000000029a20000)]
  0x00000000281af000 JavaThread "WorkerExecutor Queue Thread 2" [_thread_in_native, id=6448, stack(0x0000000029650000,0x0000000029750000)]
  0x00000000281ac800 JavaThread "WorkerExecutor Queue" [_thread_blocked, id=4884, stack(0x0000000028f20000,0x0000000029020000)]
  0x00000000281af800 JavaThread "Cache worker for execution history cache (C:\Users\Asus\RunningTrackerApp\.gradle\6.1.1\executionHistory)" [_thread_blocked, id=6588, stack(0x0000000028cb0000,0x0000000028db0000)]
  0x00000000281b0800 JavaThread "Execution worker for ':' Thread 7" [_thread_in_native, id=2824, stack(0x0000000028bb0000,0x0000000028cb0000)]
  0x0000000020164800 JavaThread "Execution worker for ':' Thread 6" [_thread_blocked, id=5748, stack(0x00000000272e0000,0x00000000273e0000)]
  0x0000000020163800 JavaThread "Execution worker for ':' Thread 5" [_thread_blocked, id=4976, stack(0x00000000271e0000,0x00000000272e0000)]
  0x000000002015c000 JavaThread "Execution worker for ':' Thread 4" [_thread_blocked, id=5812, stack(0x00000000270e0000,0x00000000271e0000)]
  0x0000000020163000 JavaThread "Execution worker for ':' Thread 3" [_thread_blocked, id=7192, stack(0x0000000026be0000,0x0000000026ce0000)]
  0x0000000020161800 JavaThread "Execution worker for ':' Thread 2" [_thread_blocked, id=7096, stack(0x00000000261e0000,0x00000000262e0000)]
  0x000000002015e800 JavaThread "Execution worker for ':'" [_thread_blocked, id=8628, stack(0x0000000024aa0000,0x0000000024ba0000)]
  0x0000000020160800 JavaThread "Cache worker for file content cache (C:\Users\Asus\RunningTrackerApp\.gradle\6.1.1\fileContent)" [_thread_blocked, id=2140, stack(0x00000000243a0000,0x00000000244a0000)]
  0x0000000020160000 JavaThread "Cache worker for Build Output Cleanup Cache (C:\Users\Asus\RunningTrackerApp\.gradle\buildOutputCleanup)" [_thread_blocked, id=2632, stack(0x00000000242a0000,0x00000000243a0000)]
  0x000000002015d800 JavaThread "Build operations Thread 8" [_thread_blocked, id=2732, stack(0x00000000241a0000,0x00000000242a0000)]
  0x000000002015f000 JavaThread "Build operations Thread 7" [_thread_blocked, id=8004, stack(0x00000000240a0000,0x00000000241a0000)]
  0x000000002015a800 JavaThread "Build operations Thread 6" [_thread_blocked, id=8876, stack(0x0000000023fa0000,0x00000000240a0000)]
  0x0000000020156000 JavaThread "Build operations Thread 5" [_thread_blocked, id=3288, stack(0x0000000023ea0000,0x0000000023fa0000)]
  0x000000002015d000 JavaThread "Build operations Thread 4" [_thread_blocked, id=2880, stack(0x0000000023da0000,0x0000000023ea0000)]
  0x0000000020158800 JavaThread "Build operations Thread 3" [_thread_blocked, id=2892, stack(0x0000000021e30000,0x0000000021f30000)]
  0x0000000020157800 JavaThread "Build operations Thread 2" [_thread_blocked, id=1952, stack(0x0000000021c30000,0x0000000021d30000)]
  0x0000000020159000 JavaThread "Build operations" [_thread_blocked, id=2320, stack(0x0000000020ae0000,0x0000000020be0000)]
  0x0000000020155800 JavaThread "Cache worker for cache directory md-rule (C:\Users\Asus\.gradle\caches\6.1.1\md-rule)" [_thread_blocked, id=5576, stack(0x00000000209e0000,0x0000000020ae0000)]
  0x000000001fbe1800 JavaThread "Cache worker for cache directory md-supplier (C:\Users\Asus\.gradle\caches\6.1.1\md-supplier)" [_thread_blocked, id=5760, stack(0x00000000208e0000,0x00000000209e0000)]
  0x000000001fbd7000 JavaThread "Cache worker for file hash cache (C:\Users\Asus\RunningTrackerApp\.gradle\6.1.1\fileHashes)" [_thread_blocked, id=992, stack(0x00000000207e0000,0x00000000208e0000)]
  0x000000001fbd8800 JavaThread "Cache worker for checksums cache (C:\Users\Asus\RunningTrackerApp\.gradle\checksums)" [_thread_blocked, id=4580, stack(0x000000001db40000,0x000000001dc40000)]
  0x000000001fbd6800 JavaThread "Thread-246" [_thread_blocked, id=7864, stack(0x000000001da40000,0x000000001db40000)]
  0x000000001fbdc800 JavaThread "Stdin handler" [_thread_blocked, id=6992, stack(0x000000001d940000,0x000000001da40000)]
  0x000000001fbda000 JavaThread "Asynchronous log dispatcher for DefaultDaemonConnection: socket connection from /127.0.0.1:49847 to /127.0.0.1:50199" [_thread_blocked, id=4868, stack(0x000000001d640000,0x000000001d740000)]
  0x000000001fbdd000 JavaThread "Daemon worker Thread 5" [_thread_blocked, id=5868, stack(0x000000001d540000,0x000000001d640000)]
  0x000000001fbdb000 JavaThread "Cancel handler" [_thread_blocked, id=3412, stack(0x0000000000a20000,0x0000000000b20000)]
  0x000000001fbd9800 JavaThread "Handler for socket connection from /127.0.0.1:49847 to /127.0.0.1:50199" [_thread_in_native, id=3992, stack(0x0000000000920000,0x0000000000a20000)]
  0x000000001fbd3000 JavaThread "Daemon Thread 5" [_thread_blocked, id=2552, stack(0x0000000000820000,0x0000000000920000)]
  0x000000001f3a3000 JavaThread "RMI Reaper" [_thread_blocked, id=5984, stack(0x0000000028ab0000,0x0000000028bb0000)]
  0x000000001fbe0000 JavaThread "RMI TCP Accept-0" daemon [_thread_in_native, id=1320, stack(0x00000000289b0000,0x0000000028ab0000)]
  0x000000001fbde800 JavaThread "GC Daemon" daemon [_thread_blocked, id=1184, stack(0x00000000276e0000,0x00000000277e0000)]
  0x000000001fbde000 JavaThread "RMI RenewClean-[127.0.0.1:17509,org.jetbrains.kotlin.daemon.common.LoopbackNetworkInterface$ClientLoopbackSocketFactory@484a8592]" daemon [_thread_in_native, id=3016, stack(0x00000000275e0000,0x00000000276e0000)]
  0x000000001fbd5800 JavaThread "RMI Scheduler(0)" daemon [_thread_blocked, id=1112, stack(0x00000000264e0000,0x00000000265e0000)]
  0x000000001f3ad000 JavaThread "MarlinRenderer Disposer" daemon [_thread_blocked, id=7076, stack(0x0000000029450000,0x0000000029550000)]
  0x000000001f3a4800 JavaThread "Java2D Disposer" daemon [_thread_blocked, id=7580, stack(0x00000000290b0000,0x00000000291b0000)]
  0x000000001f3ac000 JavaThread "Cache worker for file content cache (C:\Users\Asus\.gradle\caches\6.1.1\fileContent)" [_thread_blocked, id=3608, stack(0x00000000259a0000,0x0000000025aa0000)]
  0x000000001f3ab800 JavaThread "Memory manager" [_thread_blocked, id=1824, stack(0x0000000025ce0000,0x0000000025de0000)]
  0x000000001c048800 JavaThread "Cache worker for execution history cache (C:\Users\Asus\.gradle\caches\6.1.1\executionHistory)" [_thread_blocked, id=664, stack(0x0000000021d30000,0x0000000021e30000)]
  0x000000001c047800 JavaThread "Cache worker for file hash cache (C:\Users\Asus\.gradle\caches\6.1.1\fileHashes)" [_thread_blocked, id=8824, stack(0x000000001e340000,0x000000001e440000)]
  0x000000001c046000 JavaThread "File lock request listener" [_thread_in_native, id=5832, stack(0x000000001e240000,0x000000001e340000)]
  0x000000001c030000 JavaThread "Cache worker for journal cache (C:\Users\Asus\.gradle\caches\journal-1)" [_thread_blocked, id=2104, stack(0x000000001e140000,0x000000001e240000)]
  0x000000001bed4000 JavaThread "Daemon periodic checks" [_thread_blocked, id=3956, stack(0x000000001d440000,0x000000001d540000)]
  0x000000001bed3800 JavaThread "Incoming local TCP Connector on port 49847" [_thread_in_native, id=4044, stack(0x000000001d200000,0x000000001d300000)]
  0x000000001be18800 JavaThread "Daemon health stats" [_thread_blocked, id=3172, stack(0x000000001cbc0000,0x000000001ccc0000)]
  0x00000000195e9800 JavaThread "Service Thread" daemon [_thread_blocked, id=5836, stack(0x000000001a220000,0x000000001a320000)]
  0x000000001955e000 JavaThread "C1 CompilerThread3" daemon [_thread_blocked, id=2768, stack(0x000000001a120000,0x000000001a220000)]
  0x000000001772d000 JavaThread "C2 CompilerThread2" daemon [_thread_in_native, id=2648, stack(0x000000001a020000,0x000000001a120000)]
=>0x000000001772c000 JavaThread "C2 CompilerThread1" daemon [_thread_in_native, id=4108, stack(0x0000000019f20000,0x000000001a020000)]
  0x0000000019556000 JavaThread "C2 CompilerThread0" daemon [_thread_in_native, id=2844, stack(0x0000000019e20000,0x0000000019f20000)]
  0x0000000019555000 JavaThread "Attach Listener" daemon [_thread_blocked, id=8324, stack(0x0000000019d20000,0x0000000019e20000)]
  0x0000000019554000 JavaThread "Signal Dispatcher" daemon [_thread_blocked, id=2988, stack(0x0000000019c20000,0x0000000019d20000)]
  0x0000000019540800 JavaThread "Finalizer" daemon [_thread_blocked, id=6176, stack(0x0000000019a20000,0x0000000019b20000)]
  0x000000001771c000 JavaThread "Reference Handler" daemon [_thread_blocked, id=3768, stack(0x0000000019920000,0x0000000019a20000)]
  0x000000000248e000 JavaThread "main" [_thread_blocked, id=5700, stack(0x00000000024b0000,0x00000000025b0000)]

Other Threads:
  0x0000000017717800 VMThread [stack: 0x0000000019420000,0x0000000019520000] [id=3236]
  0x00000000195eb000 WatcherThread [stack: 0x000000001a320000,0x000000001a420000] [id=7468]

VM state:not at safepoint (normal execution)

VM Mutex/Monitor currently owned by a thread: None

heap address: 0x0000000080000000, size: 2048 MB, Compressed Oops mode: 32-bit
Narrow klass base: 0x0000000000000000, Narrow klass shift: 3
Compressed class space size: 1073741824 Address: 0x0000000100000000

Heap:
 PSYoungGen      total 343552K, used 56808K [0x00000000d5580000, 0x00000000eec80000, 0x0000000100000000)
  eden space 295424K, 6% used [0x00000000d5580000,0x00000000d6733e68,0x00000000e7600000)
  from space 48128K, 80% used [0x00000000eaa00000,0x00000000ecfc61a8,0x00000000ed900000)
  to   space 53248K, 0% used [0x00000000e7600000,0x00000000e7600000,0x00000000eaa00000)
 ParOldGen       total 327680K, used 68184K [0x0000000080000000, 0x0000000094000000, 0x00000000d5580000)
  object space 327680K, 20% used [0x0000000080000000,0x0000000084296268,0x0000000094000000)
 Metaspace       used 109141K, capacity 115022K, committed 115224K, reserved 1148928K
  class space    used 13668K, capacity 14793K, committed 14896K, reserved 1048576K

Card table byte_map: [0x0000000011a70000,0x0000000011e80000] byte_map_base: 0x0000000011670000

Marking Bits: (ParMarkBitMap*) 0x0000000073d7f030
 Begin Bits: [0x0000000012930000, 0x0000000014930000)
 End Bits:   [0x0000000014930000, 0x0000000016930000)

Polling page: 0x00000000003f0000

CodeCache: size=245760Kb used=57363Kb max_used=57955Kb free=188396Kb
 bounds [0x00000000026b0000, 0x0000000005fb0000, 0x00000000116b0000]
 total_blobs=17907 nmethods=16877 adapters=941
 compilation: enabled

Compilation events (10 events):
Event: 746.386 Thread 0x000000001955e000 21075       3       com.google.common.collect.ImmutableList::asImmutableList (7 bytes)
Event: 746.386 Thread 0x000000001955e000 nmethod 21075 0x000000000474f710 code [0x000000000474f880, 0x000000000474f9e8]
Event: 746.386 Thread 0x000000001955e000 21076       3       dagger.shaded.auto.common.MoreTypes$AsElementVisitor::visitDeclared (10 bytes)
Event: 746.386 Thread 0x000000001955e000 nmethod 21076 0x0000000003c03810 code [0x0000000003c03980, 0x0000000003c03d68]
Event: 746.386 Thread 0x000000001955e000 21073       3       java.util.stream.Collectors$$Lambda$53/883805148::apply (5 bytes)
Event: 746.387 Thread 0x000000001955e000 nmethod 21073 0x0000000003c03450 code [0x0000000003c035a0, 0x0000000003c03750]
Event: 746.387 Thread 0x000000001955e000 21074       3       java.util.stream.Collectors::lambda$castingIdentity$1 (2 bytes)
Event: 746.387 Thread 0x000000001955e000 nmethod 21074 0x000000000474f3d0 code [0x000000000474f520, 0x000000000474f650]
Event: 746.387 Thread 0x000000001955e000 21077       3       com.sun.tools.javac.code.Type$MethodType::accept (9 bytes)
Event: 746.388 Thread 0x000000001955e000 nmethod 21077 0x000000000578fd90 code [0x000000000578ff00, 0x0000000005790128]

GC Heap History (10 events):
Event: 566.283 GC heap before
{Heap before GC invocations=26 (full 3):
 PSYoungGen      total 354304K, used 354208K [0x00000000d5580000, 0x00000000f1780000, 0x0000000100000000)
  eden space 323072K, 100% used [0x00000000d5580000,0x00000000e9100000,0x00000000e9100000)
  from space 31232K, 99% used [0x00000000ef900000,0x00000000f17680e0,0x00000000f1780000)
  to   space 52736K, 0% used [0x00000000eb080000,0x00000000eb080000,0x00000000ee400000)
 ParOldGen       total 207360K, used 82678K [0x0000000080000000, 0x000000008ca80000, 0x00000000d5580000)
  object space 207360K, 39% used [0x0000000080000000,0x00000000850bd9f8,0x000000008ca80000)
 Metaspace       used 86534K, capacity 90668K, committed 91032K, reserved 1128448K
  class space    used 11034K, capacity 11839K, committed 11952K, reserved 1048576K
Event: 566.304 GC heap after
Heap after GC invocations=26 (full 3):
 PSYoungGen      total 346112K, used 33192K [0x00000000d5580000, 0x00000000ef980000, 0x0000000100000000)
  eden space 312832K, 0% used [0x00000000d5580000,0x00000000d5580000,0x00000000e8700000)
  from space 33280K, 99% used [0x00000000eb080000,0x00000000ed0ea238,0x00000000ed100000)
  to   space 41472K, 0% used [0x00000000ed100000,0x00000000ed100000,0x00000000ef980000)
 ParOldGen       total 207360K, used 82686K [0x0000000080000000, 0x000000008ca80000, 0x00000000d5580000)
  object space 207360K, 39% used [0x0000000080000000,0x00000000850bf9f8,0x000000008ca80000)
 Metaspace       used 86534K, capacity 90668K, committed 91032K, reserved 1128448K
  class space    used 11034K, capacity 11839K, committed 11952K, reserved 1048576K
}
Event: 718.579 GC heap before
{Heap before GC invocations=27 (full 3):
 PSYoungGen      total 346112K, used 346024K [0x00000000d5580000, 0x00000000ef980000, 0x0000000100000000)
  eden space 312832K, 100% used [0x00000000d5580000,0x00000000e8700000,0x00000000e8700000)
  from space 33280K, 99% used [0x00000000eb080000,0x00000000ed0ea238,0x00000000ed100000)
  to   space 41472K, 0% used [0x00000000ed100000,0x00000000ed100000,0x00000000ef980000)
 ParOldGen       total 207360K, used 82686K [0x0000000080000000, 0x000000008ca80000, 0x00000000d5580000)
  object space 207360K, 39% used [0x0000000080000000,0x00000000850bf9f8,0x000000008ca80000)
 Metaspace       used 87517K, capacity 92548K, committed 92824K, reserved 1130496K
  class space    used 11190K, capacity 12105K, committed 12208K, reserved 1048576K
Event: 718.601 GC heap after
Heap after GC invocations=27 (full 3):
 PSYoungGen      total 334336K, used 31047K [0x00000000d5580000, 0x00000000eef80000, 0x0000000100000000)
  eden space 303104K, 0% used [0x00000000d5580000,0x00000000d5580000,0x00000000e7d80000)
  from space 31232K, 99% used [0x00000000ed100000,0x00000000eef51f70,0x00000000eef80000)
  to   space 52224K, 0% used [0x00000000e8980000,0x00000000e8980000,0x00000000ebc80000)
 ParOldGen       total 207360K, used 82694K [0x0000000080000000, 0x000000008ca80000, 0x00000000d5580000)
  object space 207360K, 39% used [0x0000000080000000,0x00000000850c19f8,0x000000008ca80000)
 Metaspace       used 87517K, capacity 92548K, committed 92824K, reserved 1130496K
  class space    used 11190K, capacity 12105K, committed 12208K, reserved 1048576K
}
Event: 738.573 GC heap before
{Heap before GC invocations=28 (full 3):
 PSYoungGen      total 334336K, used 254426K [0x00000000d5580000, 0x00000000eef80000, 0x0000000100000000)
  eden space 303104K, 73% used [0x00000000d5580000,0x00000000e2fa49c8,0x00000000e7d80000)
  from space 31232K, 99% used [0x00000000ed100000,0x00000000eef51f70,0x00000000eef80000)
  to   space 52224K, 0% used [0x00000000e8980000,0x00000000e8980000,0x00000000ebc80000)
 ParOldGen       total 207360K, used 82694K [0x0000000080000000, 0x000000008ca80000, 0x00000000d5580000)
  object space 207360K, 39% used [0x0000000080000000,0x00000000850c19f8,0x000000008ca80000)
 Metaspace       used 93208K, capacity 98366K, committed 98584K, reserved 1134592K
  class space    used 11762K, capacity 12735K, committed 12848K, reserved 1048576K
Event: 738.597 GC heap after
Heap after GC invocations=28 (full 3):
 PSYoungGen      total 326656K, used 33142K [0x00000000d5580000, 0x00000000ed900000, 0x0000000100000000)
  eden space 293376K, 0% used [0x00000000d5580000,0x00000000d5580000,0x00000000e7400000)
  from space 33280K, 99% used [0x00000000e8980000,0x00000000ea9dd9f8,0x00000000eaa00000)
  to   space 48128K, 0% used [0x00000000eaa00000,0x00000000eaa00000,0x00000000ed900000)
 ParOldGen       total 207360K, used 82702K [0x0000000080000000, 0x000000008ca80000, 0x00000000d5580000)
  object space 207360K, 39% used [0x0000000080000000,0x00000000850c39f8,0x000000008ca80000)
 Metaspace       used 93208K, capacity 98366K, committed 98584K, reserved 1134592K
  class space    used 11762K, capacity 12735K, committed 12848K, reserved 1048576K
}
Event: 738.597 GC heap before
{Heap before GC invocations=29 (full 4):
 PSYoungGen      total 326656K, used 33142K [0x00000000d5580000, 0x00000000ed900000, 0x0000000100000000)
  eden space 293376K, 0% used [0x00000000d5580000,0x00000000d5580000,0x00000000e7400000)
  from space 33280K, 99% used [0x00000000e8980000,0x00000000ea9dd9f8,0x00000000eaa00000)
  to   space 48128K, 0% used [0x00000000eaa00000,0x00000000eaa00000,0x00000000ed900000)
 ParOldGen       total 207360K, used 82702K [0x0000000080000000, 0x000000008ca80000, 0x00000000d5580000)
  object space 207360K, 39% used [0x0000000080000000,0x00000000850c39f8,0x000000008ca80000)
 Metaspace       used 93208K, capacity 98366K, committed 98584K, reserved 1134592K
  class space    used 11762K, capacity 12735K, committed 12848K, reserved 1048576K
Event: 738.856 GC heap after
Heap after GC invocations=29 (full 4):
 PSYoungGen      total 326656K, used 0K [0x00000000d5580000, 0x00000000ed900000, 0x0000000100000000)
  eden space 293376K, 0% used [0x00000000d5580000,0x00000000d5580000,0x00000000e7400000)
  from space 33280K, 0% used [0x00000000e8980000,0x00000000e8980000,0x00000000eaa00000)
  to   space 48128K, 0% used [0x00000000eaa00000,0x00000000eaa00000,0x00000000ed900000)
 ParOldGen       total 327680K, used 68176K [0x0000000080000000, 0x0000000094000000, 0x00000000d5580000)
  object space 327680K, 20% used [0x0000000080000000,0x0000000084294268,0x0000000094000000)
 Metaspace       used 93137K, capacity 98186K, committed 98584K, reserved 1134592K
  class space    used 11743K, capacity 12701K, committed 12848K, reserved 1048576K
}
Event: 746.168 GC heap before
{Heap before GC invocations=30 (full 4):
 PSYoungGen      total 326656K, used 293376K [0x00000000d5580000, 0x00000000ed900000, 0x0000000100000000)
  eden space 293376K, 100% used [0x00000000d5580000,0x00000000e7400000,0x00000000e7400000)
  from space 33280K, 0% used [0x00000000e8980000,0x00000000e8980000,0x00000000eaa00000)
  to   space 48128K, 0% used [0x00000000eaa00000,0x00000000eaa00000,0x00000000ed900000)
 ParOldGen       total 327680K, used 68176K [0x0000000080000000, 0x0000000094000000, 0x00000000d5580000)
  object space 327680K, 20% used [0x0000000080000000,0x0000000084294268,0x0000000094000000)
 Metaspace       used 108946K, capacity 114820K, committed 115096K, reserved 1148928K
  class space    used 13642K, capacity 14746K, committed 14768K, reserved 1048576K
Event: 746.197 GC heap after
Heap after GC invocations=30 (full 4):
 PSYoungGen      total 343552K, used 38680K [0x00000000d5580000, 0x00000000eec80000, 0x0000000100000000)
  eden space 295424K, 0% used [0x00000000d5580000,0x00000000d5580000,0x00000000e7600000)
  from space 48128K, 80% used [0x00000000eaa00000,0x00000000ecfc61a8,0x00000000ed900000)
  to   space 53248K, 0% used [0x00000000e7600000,0x00000000e7600000,0x00000000eaa00000)
 ParOldGen       total 327680K, used 68184K [0x0000000080000000, 0x0000000094000000, 0x00000000d5580000)
  object space 327680K, 20% used [0x0000000080000000,0x0000000084296268,0x0000000094000000)
 Metaspace       used 108946K, capacity 114820K, committed 115096K, reserved 1148928K
  class space    used 13642K, capacity 14746K, committed 14768K, reserved 1048576K
}

Deoptimization events (10 events):
Event: 745.966 Thread 0x00000000281ac800 Uncommon trap: reason=bimorphic action=maybe_recompile pc=0x0000000004cce714 method=java.security.MessageDigest$Delegate.clone()Ljava/lang/Object; @ 14
Event: 746.012 Thread 0x00000000281af000 Uncommon trap: reason=class_check action=maybe_recompile pc=0x0000000003a983bc method=java.util.ArrayList$ArrayListSpliterator.tryAdvance(Ljava/util/function/Consumer;)Z @ 48
Event: 746.012 Thread 0x00000000281af000 Uncommon trap: reason=class_check action=maybe_recompile pc=0x0000000003a983bc method=java.util.ArrayList$ArrayListSpliterator.tryAdvance(Ljava/util/function/Consumer;)Z @ 48
Event: 746.033 Thread 0x00000000281af000 Uncommon trap: reason=bimorphic action=maybe_recompile pc=0x00000000048b1d84 method=java.util.Comparator.lambda$thenComparing$36697e65$1(Ljava/util/Comparator;Ljava/lang/Object;Ljava/lang/Object;)I @ 3
Event: 746.033 Thread 0x00000000281af000 Uncommon trap: reason=bimorphic action=maybe_recompile pc=0x00000000048b1d84 method=java.util.Comparator.lambda$thenComparing$36697e65$1(Ljava/util/Comparator;Ljava/lang/Object;Ljava/lang/Object;)I @ 3
Event: 746.033 Thread 0x00000000281af000 Uncommon trap: reason=bimorphic action=maybe_recompile pc=0x00000000048b1d84 method=java.util.Comparator.lambda$thenComparing$36697e65$1(Ljava/util/Comparator;Ljava/lang/Object;Ljava/lang/Object;)I @ 3
Event: 746.033 Thread 0x00000000281af000 Uncommon trap: reason=bimorphic action=maybe_recompile pc=0x00000000048b1d84 method=java.util.Comparator.lambda$thenComparing$36697e65$1(Ljava/util/Comparator;Ljava/lang/Object;Ljava/lang/Object;)I @ 3
Event: 746.039 Thread 0x00000000281af000 Uncommon trap: reason=unloaded action=reinterpret pc=0x0000000005c6e43c method=java.util.regex.Pattern.escape(ZZZ)I @ 809
Event: 746.047 Thread 0x00000000281af000 Uncommon trap: reason=unstable_if action=reinterpret pc=0x000000000311f690 method=java.util.regex.Pattern$Dot.isSatisfiedBy(I)Z @ 3
Event: 746.356 Thread 0x00000000281af000 Uncommon trap: reason=bimorphic action=maybe_recompile pc=0x000000000314ab1c method=java.util.AbstractQueue.clear()V @ 1

Classes redefined (0 events):
No events

Internal exceptions (10 events):
Event: 738.568 Thread 0x000000001fbde000 Exception <a 'java/net/ConnectException': Connection refused: connect> (0x00000000d9c14b30) thrown at [C:\src\AOSP-openjdk-git\hotspot\src\share\vm\prims\jni.cpp, line 737]
Event: 739.059 Thread 0x00000000281ac800 Exception <a 'java/lang/NoSuchMethodError': java.lang.Object.newSystemTemporaryDirectory()Lcom/android/tools/build/apkzlib/bytestorage/TemporaryDirectory;> (0x00000000d5a77080) thrown at [C:\src\AOSP-openjdk-git\hotspot\src\share\vm\interpreter\linkResolv
Event: 740.858 Thread 0x000000001fbde000 Exception <a 'java/net/ConnectException': Connection refused: connect> (0x00000000d558c5e8) thrown at [C:\src\AOSP-openjdk-git\hotspot\src\share\vm\prims\jni.cpp, line 737]
Event: 742.860 Thread 0x000000001fbde000 Exception <a 'java/net/ConnectException': Connection refused: connect> (0x00000000d558e5b0) thrown at [C:\src\AOSP-openjdk-git\hotspot\src\share\vm\prims\jni.cpp, line 737]
Event: 743.134 Thread 0x00000000281af000 Exception <a 'java/lang/NullPointerException'> (0x00000000de807738) thrown at [C:\src\AOSP-openjdk-git\hotspot\src\share\vm\interpreter\linkResolver.cpp, line 1185]
Event: 743.346 Thread 0x00000000281af000 Exception <a 'java/lang/NoSuchMethodError': java.lang.Object.lambda$andThen$1(Ljava/util/function/Function;Ljava/lang/Object;)Ljava/lang/Object;> (0x00000000dec481a0) thrown at [C:\src\AOSP-openjdk-git\hotspot\src\share\vm\interpreter\linkResolver.cpp, li
Event: 744.306 Thread 0x00000000281af000 Exception <a 'java/lang/IncompatibleClassChangeError': Found class java.lang.Object, but interface was expected> (0x00000000e04612e0) thrown at [C:\src\AOSP-openjdk-git\hotspot\src\share\vm\interpreter\linkResolver.cpp, line 653]
Event: 744.876 Thread 0x000000001fbde000 Exception <a 'java/net/ConnectException': Connection refused: connect> (0x00000000d558eea8) thrown at [C:\src\AOSP-openjdk-git\hotspot\src\share\vm\prims\jni.cpp, line 737]
Event: 745.369 Thread 0x00000000281af000 Implicit null exception at 0x0000000005c4b37b to 0x0000000005c4c3b9
Event: 746.001 Thread 0x00000000281af000 Exception <a 'java/lang/NoSuchMethodError': java.lang.Object.lambda$minBy$0(Ljava/util/Comparator;Ljava/lang/Object;Ljava/lang/Object;)Ljava/lang/Object;> (0x00000000e6527a98) thrown at [C:\src\AOSP-openjdk-git\hotspot\src\share\vm\interpreter\linkResolve

Events (10 events):
Event: 746.389 loading class com/google/common/collect/Maps$FilteredMapValues
Event: 746.389 loading class com/google/common/collect/Maps$FilteredMapValues done
Event: 746.390 loading class com/google/common/collect/FilteredKeySetMultimap$EntrySet
Event: 746.390 loading class com/google/common/collect/FilteredKeySetMultimap$EntrySet done
Event: 746.391 loading class com/google/common/collect/FilteredKeyMultimap$Entries
Event: 746.391 loading class com/google/common/collect/FilteredKeyMultimap$Entries done
Event: 746.391 loading class com/google/common/collect/ForwardingCollection
Event: 746.391 loading class com/google/common/collect/ForwardingCollection done
Event: 746.392 loading class com/google/common/collect/ForwardingObject
Event: 746.392 loading class com/google/common/collect/ForwardingObject done


Dynamic libraries:
0x00007ff60d2f0000 - 0x00007ff60d321000 	D:\Android Studio Data\jre\bin\java.exe
0x00007ffb838e0000 - 0x00007ffb83ad0000 	C:\WINDOWS\SYSTEM32\ntdll.dll
0x00007ffb81e70000 - 0x00007ffb81f22000 	C:\WINDOWS\System32\KERNEL32.DLL
0x00007ffb81540000 - 0x00007ffb817e4000 	C:\WINDOWS\System32\KERNELBASE.dll
0x00007ffb81ad0000 - 0x00007ffb81b73000 	C:\WINDOWS\System32\ADVAPI32.dll
0x00007ffb81c50000 - 0x00007ffb81cee000 	C:\WINDOWS\System32\msvcrt.dll
0x00007ffb82880000 - 0x00007ffb82917000 	C:\WINDOWS\System32\sechost.dll
0x00007ffb82760000 - 0x00007ffb82880000 	C:\WINDOWS\System32\RPCRT4.dll
0x00007ffb82920000 - 0x00007ffb82ab4000 	C:\WINDOWS\System32\USER32.dll
0x00007ffb818c0000 - 0x00007ffb818e1000 	C:\WINDOWS\System32\win32u.dll
0x00007ffb83870000 - 0x00007ffb83896000 	C:\WINDOWS\System32\GDI32.dll
0x00007ffb813a0000 - 0x00007ffb81536000 	C:\WINDOWS\System32\gdi32full.dll
0x00007ffb818f0000 - 0x00007ffb8198e000 	C:\WINDOWS\System32\msvcp_win.dll
0x00007ffb80a60000 - 0x00007ffb80b5a000 	C:\WINDOWS\System32\ucrtbase.dll
0x00007ffb7f5b0000 - 0x00007ffb7f834000 	C:\WINDOWS\WinSxS\amd64_microsoft.windows.common-controls_6595b64144ccf1df_6.0.18362.959_none_e6c7bbbf130c62bb\COMCTL32.dll
0x00007ffb821b0000 - 0x00007ffb824e5000 	C:\WINDOWS\System32\combase.dll
0x00007ffb809e0000 - 0x00007ffb80a60000 	C:\WINDOWS\System32\bcryptPrimitives.dll
0x00007ffb824f0000 - 0x00007ffb8251e000 	C:\WINDOWS\System32\IMM32.DLL
0x00000000741d0000 - 0x00000000742a2000 	D:\Android Studio Data\jre\jre\bin\msvcr100.dll
0x00000000735b0000 - 0x0000000073dfb000 	D:\Android Studio Data\jre\jre\bin\server\jvm.dll
0x00007ffb83720000 - 0x00007ffb83728000 	C:\WINDOWS\System32\PSAPI.DLL
0x00007ffb6bb90000 - 0x00007ffb6bb99000 	C:\WINDOWS\SYSTEM32\WSOCK32.dll
0x00007ffb7d210000 - 0x00007ffb7d234000 	C:\WINDOWS\SYSTEM32\WINMM.dll
0x00007ffb7bf40000 - 0x00007ffb7bf4a000 	C:\WINDOWS\SYSTEM32\VERSION.dll
0x00007ffb82140000 - 0x00007ffb821af000 	C:\WINDOWS\System32\WS2_32.dll
0x00007ffb7d000000 - 0x00007ffb7d02d000 	C:\WINDOWS\SYSTEM32\WINMMBASE.dll
0x00007ffb81870000 - 0x00007ffb818ba000 	C:\WINDOWS\System32\cfgmgr32.dll
0x00007ffb65e90000 - 0x00007ffb65e9f000 	D:\Android Studio Data\jre\jre\bin\verify.dll
0x00007ffb552a0000 - 0x00007ffb552c9000 	D:\Android Studio Data\jre\jre\bin\java.dll
0x00007ffb55980000 - 0x00007ffb55996000 	D:\Android Studio Data\jre\jre\bin\zip.dll
0x00007ffb83030000 - 0x00007ffb83716000 	C:\WINDOWS\System32\SHELL32.dll
0x00007ffb81dc0000 - 0x00007ffb81e69000 	C:\WINDOWS\System32\shcore.dll
0x00007ffb80c10000 - 0x00007ffb81392000 	C:\WINDOWS\System32\windows.storage.dll
0x00007ffb80810000 - 0x00007ffb80833000 	C:\WINDOWS\System32\profapi.dll
0x00007ffb807a0000 - 0x00007ffb807ea000 	C:\WINDOWS\System32\powrprof.dll
0x00007ffb80790000 - 0x00007ffb807a0000 	C:\WINDOWS\System32\UMPDC.dll
0x00007ffb820e0000 - 0x00007ffb82132000 	C:\WINDOWS\System32\shlwapi.dll
0x00007ffb807f0000 - 0x00007ffb80801000 	C:\WINDOWS\System32\kernel.appcore.dll
0x00007ffb817f0000 - 0x00007ffb81807000 	C:\WINDOWS\System32\cryptsp.dll
0x00007ffb55dc0000 - 0x00007ffb55dda000 	D:\Android Studio Data\jre\jre\bin\net.dll
0x00007ffb7fc60000 - 0x00007ffb7fcc7000 	C:\WINDOWS\system32\mswsock.dll
0x00007ffb55da0000 - 0x00007ffb55db3000 	D:\Android Studio Data\jre\jre\bin\nio.dll
0x00007ffb80440000 - 0x00007ffb80466000 	C:\Users\Asus\.gradle\native\31\windows-amd64\native-platform.dll
0x00007ffb64690000 - 0x00007ffb6469d000 	D:\Android Studio Data\jre\jre\bin\management.dll
0x00007ffb7f4f0000 - 0x00007ffb7f523000 	C:\WINDOWS\system32\rsaenh.dll
0x00007ffb809b0000 - 0x00007ffb809d6000 	C:\WINDOWS\System32\bcrypt.dll
0x00007ffb80680000 - 0x00007ffb806a5000 	C:\WINDOWS\SYSTEM32\USERENV.dll
0x00007ffb7fe30000 - 0x00007ffb7fe3c000 	C:\WINDOWS\SYSTEM32\CRYPTBASE.dll
0x00007ffb7f970000 - 0x00007ffb7f9aa000 	C:\WINDOWS\SYSTEM32\IPHLPAPI.DLL
0x00007ffb83860000 - 0x00007ffb83868000 	C:\WINDOWS\System32\NSI.dll
0x00007ffb778e0000 - 0x00007ffb778f6000 	C:\WINDOWS\SYSTEM32\dhcpcsvc6.DLL
0x00007ffb77920000 - 0x00007ffb7793c000 	C:\WINDOWS\SYSTEM32\dhcpcsvc.DLL
0x00007ffb7f9b0000 - 0x00007ffb7fa7b000 	C:\WINDOWS\SYSTEM32\DNSAPI.dll
0x00007ffb55b10000 - 0x00007ffb55cac000 	D:\Android Studio Data\jre\jre\bin\awt.dll
0x00007ffb81b80000 - 0x00007ffb81c45000 	C:\WINDOWS\System32\OLEAUT32.dll
0x00007ffb7de90000 - 0x00007ffb7debd000 	C:\WINDOWS\SYSTEM32\dwmapi.dll
0x00007ffb7c380000 - 0x00007ffb7c940000 	C:\WINDOWS\SYSTEM32\d2d1.dll
0x00007ffb7d910000 - 0x00007ffb7d99f000 	C:\WINDOWS\SYSTEM32\apphelp.dll
0x00007ffb7da60000 - 0x00007ffb7daf9000 	C:\WINDOWS\system32\uxtheme.dll
0x00007ffb7be90000 - 0x00007ffb7beae000 	C:\Users\Asus\AppData\Local\Temp\native-platform3850821660062221645dir\native-platform.dll
0x0000000066e00000 - 0x0000000066f03000 	C:\Users\Asus\AppData\Local\Temp\sqlite-3.25.2-2db7df13-cf74-4bd5-a2b0-1ab63569cc7e-sqlitejdbc.dll
0x00007ffb7fe70000 - 0x00007ffb80064000 	C:\WINDOWS\SYSTEM32\dbghelp.dll

VM Arguments:
jvm_args: -Xmx2048m -Dfile.encoding=windows-1252 -Duser.country=IN -Duser.language=en -Duser.variant 
java_command: org.gradle.launcher.daemon.bootstrap.GradleDaemon 6.1.1
java_class_path (initial): C:\Users\Asus\.gradle\wrapper\dists\gradle-6.1.1-all\cfmwm155h49vnt3hynmlrsdst\gradle-6.1.1\lib\gradle-launcher-6.1.1.jar
Launcher Type: SUN_STANDARD

Environment Variables:
PATH=C:\Python27\;C:\Python27\Scripts;C:\Program Files (x86)\Intel\iCLS Client\;C:\Program Files\Intel\iCLS Client\;C:\Windows\system32;C:\Windows;C:\Windows\System32\Wbem;C:\Windows\System32\WindowsPowerShell\v1.0\;C:\Windows\System32\OpenSSH\;C:\Program Files (x86)\Intel\Intel(R) Management Engine Components\DAL;C:\Program Files\Intel\Intel(R) Management Engine Components\DAL;C:\Program Files (x86)\Intel\Intel(R) Management Engine Components\IPT;C:\Program Files\Intel\Intel(R) Management Engine Components\IPT;C:\Program Files (x86)\NVIDIA Corporation\PhysX\Common;C:\Program Files\Intel\WiFi\bin\;C:\Program Files\Common Files\Intel\WirelessCommon\;C:\Program Files\Git\cmd;C:\ProgramData\chocolatey\bin;C:\Program Files (x86)\GtkSharp\2.12\bin;C:\Users\Asus\AppData\Local\Android\Sdk\platform-tools;C:\Program Files\nodejs\;%SystemRoot%\system32;%SystemRoot%;%SystemRoot%\System32\Wbem;%SYSTEMROOT%\System32\WindowsPowerShell\v1.0\;%SYSTEMROOT%\System32\OpenSSH\;C:\Users\Asus\AppData\Local\Microsoft\WindowsApps;C:\Users\Asus\AppData\Local\Programs\Microsoft VS Code\bin;C:\Program Files\JetBrains\PyCharm Community Edition 2020.1.1\bin;;C:\Users\Asus\AppData\Roaming\npm;D:\flutter\flutter_windows_1.17.3-stable\flutter\bin;
USERNAME=Asus
OS=Windows_NT
PROCESSOR_IDENTIFIER=Intel64 Family 6 Model 142 Stepping 10, GenuineIntel



---------------  S Y S T E M  ---------------

OS: Windows 10.0 , 64 bit Build 18362 (10.0.18362.959)

CPU:total 8 (initial active 8) (4 cores per cpu, 2 threads per core) family 6 model 142 stepping 10, cmov, cx8, fxsr, mmx, sse, sse2, sse3, ssse3, sse4.1, sse4.2, popcnt, avx, avx2, aes, clmul, erms, 3dnowpref, lzcnt, ht, tsc, tscinvbit, bmi1, bmi2, adx

Memory: 4k page, physical 16661048k(9001408k free), swap 24263224k(15147292k free)

vm_info: OpenJDK 64-Bit Server VM (25.242-b01) for windows-amd64 JRE (1.8.0_242-release-1644-b01), built by "builder" with MS VC++ 10.0 (VS2010)

time: Wed Sep 30 20:27:41 2020
timezone: India Standard Time
elapsed time: 746 seconds (0d 0h 12m 26s)

