#
# A fatal error has been detected by the Java Runtime Environment:
#
#  EXCEPTION_ACCESS_VIOLATION (0xc0000005) at pc=0x000000005fbbcd34, pid=9268, tid=0x00000000000030c0
#
# JRE version: OpenJDK Runtime Environment (8.0_242-b01) (build 1.8.0_242-release-1644-b01)
# Java VM: OpenJDK 64-Bit Server VM (25.242-b01 mixed mode windows-amd64 compressed oops)
# Problematic frame:
# V  [jvm.dll+0x41cd34]
#
# Failed to write core dump. Minidumps are not enabled by default on client versions of Windows
#
# If you would like to submit a bug report, please visit:
#   
#

---------------  T H R E A D  ---------------

Current thread (0x000000001c893800):  JavaThread "Daemon worker" [_thread_in_vm, id=12480, stack(0x000000001e190000,0x000000001e290000)]

siginfo: ExceptionCode=0xc0000005, reading address 0x0000000000000040

Registers:
RAX=0x000000001e28b1c8, RBX=0x000000001c7f16b0, RCX=0x000000001e28b1c8, RDX=0xf457e758d061e800
RSP=0x000000001e28b118, RBP=0x000000001e28b218, RSI=0x000000002596b700, RDI=0x00000000823d75b0
R8 =0x0000000000000000, R9 =0x0000000000000040, R10=0x0000000100048b58, R11=0x00000000db9773d0
R12=0x000000001c893800, R13=0x00000000823d7828, R14=0xffffffffdb976f90, R15=0x000000001c893800
RIP=0x000000005fbbcd34, EFLAGS=0x0000000000010202

Top of Stack: (sp=0x000000001e28b118)
0x000000001e28b118:   000000001c7f16b0 000000005fd5f848
0x000000001e28b128:   000000005f815041 00000000041a0715
0x000000001e28b138:   000000001c893800 000000001c7c0a00
0x000000001e28b148:   0000000017819c38 000000001c7f16b0
0x000000001e28b158:   000000005f9abc24 0000000002d20d50
0x000000001e28b168:   000000001c893800 000000001c893800
0x000000001e28b178:   0000000019cb0070 000000001e28b1e8
0x000000001e28b188:   000000001c893800 0000000000000001
0x000000001e28b198:   000000001e28be78 0000000002f1f0d3
0x000000001e28b1a8:   0000000002f1ef90 0000000000000000
0x000000001e28b1b8:   000000001e28c388 000000001e28be78
0x000000001e28b1c8:   000000001e28c078 f457e758d061e800
0x000000001e28b1d8:   0000000000000000 0000000000000000
0x000000001e28b1e8:   00000000d5a6bf60 000000001e28c078
0x000000001e28b1f8:   0000000000000000 00000000ffffffff
0x000000001e28b208:   0000000002e20567 0000000017819c38 

Instructions: (pc=0x000000005fbbcd34)
0x000000005fbbcd14:   00 00 eb 07 c7 45 98 00 00 00 00 4c 8d 45 e0 48
0x000000005fbbcd24:   8d 55 b0 48 8d 4d 80 e8 90 f2 e8 ff 4c 8b 45 c0
0x000000005fbbcd34:   49 8b 70 40 4c 89 44 24 58 48 85 f6 74 2c 49 8b
0x000000005fbbcd44:   9c 24 28 01 00 00 8b 13 3b 53 04 75 0d 48 8b cb 


Register to memory mapping:

RAX=0x000000001e28b1c8 is pointing into the stack for thread: 0x000000001c893800
RBX=0x000000001c7f16b0 is an unknown value
RCX=0x000000001e28b1c8 is pointing into the stack for thread: 0x000000001c893800
RDX=0xf457e758d061e800 is an unknown value
RSP=0x000000001e28b118 is pointing into the stack for thread: 0x000000001c893800
RBP=0x000000001e28b218 is pointing into the stack for thread: 0x000000001c893800
RSI={method} {0x000000002596b708} 'doSearch' '()Ljava/util/Set;' in 'org/gradle/internal/graph/CachingDirectedGraphWalker'
RDI=0x00000000823d75b0 is an oop
org.gradle.execution.plan.TaskDependencyResolver 
 - klass: 'org/gradle/execution/plan/TaskDependencyResolver'
R8 =0x0000000000000000 is an unknown value
R9 =0x0000000000000040 is an unknown value
R10=0x0000000100048b58 is pointing into metadata
R11=0x00000000db9773d0 is an oop
java.util.Arrays$ArrayList 
 - klass: 'java/util/Arrays$ArrayList'
R12=0x000000001c893800 is a thread
R13=0x00000000823d7828 is an oop
java.util.ArrayList 
 - klass: 'java/util/ArrayList'
R14=0xffffffffdb976f90 is an unknown value
R15=0x000000001c893800 is a thread


Stack: [0x000000001e190000,0x000000001e290000],  sp=0x000000001e28b118,  free space=1004k
Native frames: (J=compiled Java code, j=interpreted, Vv=VM code, C=native code)
V  [jvm.dll+0x41cd34]
V  [jvm.dll+0x41d016]
C  0x0000000002f1f0d3

Java frames: (J=compiled Java code, j=interpreted, Vv=VM code)
v  ~RuntimeStub::counter_overflow Runtime1 stub
C  0xf457e758d061e800
C  0x0000000020101843

[error occurred during error reporting (printing Java stack), id 0xc0000005]


---------------  P R O C E S S  ---------------

Java Threads: ( => current thread )
  0x0000000023314800 JavaThread "Cache worker for file content cache (C:\Users\Asus\RunningTrackerApp\.gradle\6.1.1\fileContent)" [_thread_blocked, id=10856, stack(0x00000000262b0000,0x00000000263b0000)]
  0x0000000023313800 JavaThread "Cache worker for file content cache (C:\Users\Asus\.gradle\caches\6.1.1\fileContent)" [_thread_blocked, id=5684, stack(0x00000000261b0000,0x00000000262b0000)]
  0x0000000023318000 JavaThread "Memory manager" [_thread_blocked, id=3284, stack(0x0000000025480000,0x0000000025580000)]
  0x0000000023313000 JavaThread "Cache worker for Build Output Cleanup Cache (C:\Users\Asus\RunningTrackerApp\.gradle\buildOutputCleanup)" [_thread_blocked, id=12204, stack(0x0000000025180000,0x0000000025280000)]
  0x0000000023316800 JavaThread "Build operations Thread 8" [_thread_blocked, id=9196, stack(0x0000000024a80000,0x0000000024b80000)]
  0x000000001ac9e000 JavaThread "Build operations Thread 7" [_thread_blocked, id=7968, stack(0x0000000024980000,0x0000000024a80000)]
  0x000000001ac9c800 JavaThread "Build operations Thread 6" [_thread_blocked, id=7352, stack(0x0000000024880000,0x0000000024980000)]
  0x000000001ac9b800 JavaThread "Build operations Thread 5" [_thread_blocked, id=6768, stack(0x0000000024780000,0x0000000024880000)]
  0x000000001ac98000 JavaThread "Build operations Thread 4" [_thread_blocked, id=3312, stack(0x00000000241e0000,0x00000000242e0000)]
  0x000000001ac9b000 JavaThread "Build operations Thread 3" [_thread_blocked, id=8532, stack(0x00000000240e0000,0x00000000241e0000)]
  0x000000001ac9a000 JavaThread "Build operations Thread 2" [_thread_blocked, id=12412, stack(0x0000000023fe0000,0x00000000240e0000)]
  0x000000001ac9d000 JavaThread "Build operations" [_thread_blocked, id=4024, stack(0x00000000226b0000,0x00000000227b0000)]
  0x000000001c970000 JavaThread "Cache worker for execution history cache (C:\Users\Asus\.gradle\caches\6.1.1\executionHistory)" [_thread_blocked, id=7404, stack(0x00000000223b0000,0x00000000224b0000)]
  0x000000001c96d000 JavaThread "Cache worker for cache directory md-rule (C:\Users\Asus\.gradle\caches\6.1.1\md-rule)" [_thread_blocked, id=13108, stack(0x00000000222b0000,0x00000000223b0000)]
  0x000000001c96a000 JavaThread "Cache worker for cache directory md-supplier (C:\Users\Asus\.gradle\caches\6.1.1\md-supplier)" [_thread_blocked, id=11588, stack(0x0000000020f30000,0x0000000021030000)]
  0x000000001c969000 JavaThread "Cache worker for file hash cache (C:\Users\Asus\RunningTrackerApp\.gradle\6.1.1\fileHashes)" [_thread_blocked, id=3476, stack(0x00000000211e0000,0x00000000212e0000)]
  0x000000001c96a800 JavaThread "Cache worker for checksums cache (C:\Users\Asus\RunningTrackerApp\.gradle\checksums)" [_thread_blocked, id=2364, stack(0x00000000210e0000,0x00000000211e0000)]
  0x000000001c96d800 JavaThread "Cache worker for file hash cache (C:\Users\Asus\.gradle\caches\6.1.1\fileHashes)" [_thread_blocked, id=12444, stack(0x000000001ea90000,0x000000001eb90000)]
  0x000000001c895000 JavaThread "File lock request listener" [_thread_in_native, id=2580, stack(0x000000001e990000,0x000000001ea90000)]
  0x000000001c966800 JavaThread "Cache worker for journal cache (C:\Users\Asus\.gradle\caches\journal-1)" [_thread_blocked, id=3148, stack(0x000000001e890000,0x000000001e990000)]
  0x000000001c8b9800 JavaThread "Thread-9" [_thread_blocked, id=5988, stack(0x000000001e590000,0x000000001e690000)]
  0x000000001c89d800 JavaThread "Stdin handler" [_thread_blocked, id=12576, stack(0x000000001e490000,0x000000001e590000)]
  0x000000001c89d000 JavaThread "Asynchronous log dispatcher for DefaultDaemonConnection: socket connection from /127.0.0.1:52283 to /127.0.0.1:52284" [_thread_blocked, id=1760, stack(0x000000001e290000,0x000000001e390000)]
=>0x000000001c893800 JavaThread "Daemon worker" [_thread_in_vm, id=12480, stack(0x000000001e190000,0x000000001e290000)]
  0x000000001c8a5000 JavaThread "Cancel handler" [_thread_blocked, id=9004, stack(0x000000001e090000,0x000000001e190000)]
  0x000000001c884000 JavaThread "Handler for socket connection from /127.0.0.1:52283 to /127.0.0.1:52284" [_thread_in_native, id=12324, stack(0x000000001dd90000,0x000000001de90000)]
  0x000000001c882000 JavaThread "Daemon" [_thread_blocked, id=10480, stack(0x000000001dc90000,0x000000001dd90000)]
  0x000000001c853800 JavaThread "Daemon periodic checks" [_thread_blocked, id=5712, stack(0x000000001db90000,0x000000001dc90000)]
  0x000000001c808800 JavaThread "Incoming local TCP Connector on port 52283" [_thread_in_native, id=12536, stack(0x000000001d950000,0x000000001da50000)]
  0x000000001c726800 JavaThread "Daemon health stats" [_thread_blocked, id=3440, stack(0x000000001d310000,0x000000001d410000)]
  0x0000000019d2c800 JavaThread "Service Thread" daemon [_thread_blocked, id=11452, stack(0x000000001a970000,0x000000001aa70000)]
  0x0000000019cb2800 JavaThread "C1 CompilerThread3" daemon [_thread_blocked, id=11672, stack(0x000000001a870000,0x000000001a970000)]
  0x0000000019cab800 JavaThread "C2 CompilerThread2" daemon [_thread_in_native, id=916, stack(0x000000001a770000,0x000000001a870000)]
  0x0000000019ca5000 JavaThread "C2 CompilerThread1" daemon [_thread_blocked, id=8288, stack(0x000000001a670000,0x000000001a770000)]
  0x0000000019ca1800 JavaThread "C2 CompilerThread0" daemon [_thread_blocked, id=6384, stack(0x000000001a570000,0x000000001a670000)]
  0x0000000019ca0000 JavaThread "Attach Listener" daemon [_thread_blocked, id=8924, stack(0x000000001a470000,0x000000001a570000)]
  0x0000000019c9f000 JavaThread "Signal Dispatcher" daemon [_thread_blocked, id=11228, stack(0x000000001a370000,0x000000001a470000)]
  0x0000000002e19000 JavaThread "Finalizer" daemon [_thread_blocked, id=2392, stack(0x000000001a170000,0x000000001a270000)]
  0x0000000017e8c000 JavaThread "Reference Handler" daemon [_thread_blocked, id=12948, stack(0x000000001a070000,0x000000001a170000)]
  0x0000000002c4e000 JavaThread "main" [_thread_blocked, id=12840, stack(0x0000000002b40000,0x0000000002c40000)]

Other Threads:
  0x0000000017e88000 VMThread [stack: 0x0000000019b70000,0x0000000019c70000] [id=7872]
  0x0000000019d3d000 WatcherThread [stack: 0x000000001aa70000,0x000000001ab70000] [id=10560]

VM state:not at safepoint (normal execution)

VM Mutex/Monitor currently owned by a thread: None

heap address: 0x0000000080000000, size: 2048 MB, Compressed Oops mode: 32-bit
Narrow klass base: 0x0000000000000000, Narrow klass shift: 3
Compressed class space size: 1073741824 Address: 0x0000000100000000

Heap:
 PSYoungGen      total 232960K, used 105485K [0x00000000d5580000, 0x00000000e8280000, 0x0000000100000000)
  eden space 218112K, 48% used [0x00000000d5580000,0x00000000dbc83548,0x00000000e2a80000)
  from space 14848K, 0% used [0x00000000e2a80000,0x00000000e2a80000,0x00000000e3900000)
  to   space 21504K, 0% used [0x00000000e6d80000,0x00000000e6d80000,0x00000000e8280000)
 ParOldGen       total 179712K, used 40872K [0x0000000080000000, 0x000000008af80000, 0x00000000d5580000)
  object space 179712K, 22% used [0x0000000080000000,0x00000000827ea378,0x000000008af80000)
 Metaspace       used 62469K, capacity 64744K, committed 64792K, reserved 1105920K
  class space    used 8498K, capacity 9002K, committed 9008K, reserved 1048576K

Card table byte_map: [0x00000000121e0000,0x00000000125f0000] byte_map_base: 0x0000000011de0000

Marking Bits: (ParMarkBitMap*) 0x000000005ff6f030
 Begin Bits: [0x00000000130a0000, 0x00000000150a0000)
 End Bits:   [0x00000000150a0000, 0x00000000170a0000)

Polling page: 0x00000000012d0000

CodeCache: size=245760Kb used=20127Kb max_used=20148Kb free=225632Kb
 bounds [0x0000000002e20000, 0x00000000041f0000, 0x0000000011e20000]
 total_blobs=6966 nmethods=6182 adapters=696
 compilation: enabled

Compilation events (10 events):
Event: 12.426 Thread 0x0000000019ca5000 nmethod 6764 0x0000000003b01e10 code [0x0000000003b01f40, 0x0000000003b01fb8]
Event: 12.426 Thread 0x0000000019ca5000 6817       4       com.google.common.collect.ImmutableCollection$ArrayBasedBuilder::<init> (25 bytes)
Event: 12.429 Thread 0x0000000019ca1800 nmethod 6739 0x00000000041cd790 code [0x00000000041cdb40, 0x00000000041cfe78]
Event: 12.429 Thread 0x0000000019ca5000 nmethod 6817 0x00000000041c3b10 code [0x00000000041c3c60, 0x00000000041c3db8]
Event: 12.429 Thread 0x0000000019ca5000 6772       4       java.util.AbstractCollection::<init> (5 bytes)
Event: 12.429 Thread 0x0000000019ca1800 6782       4       java.util.AbstractList$Itr::<init> (6 bytes)
Event: 12.429 Thread 0x0000000019ca5000 nmethod 6772 0x0000000003c2c610 code [0x0000000003c2c740, 0x0000000003c2c798]
Event: 12.430 Thread 0x0000000019ca1800 nmethod 6782 0x0000000003ef8610 code [0x0000000003ef8740, 0x0000000003ef87d8]
Event: 12.431 Thread 0x0000000019ca5000 6832       4       org.gradle.api.internal.artifacts.transform.TransformationNode::compareTo (44 bytes)
Event: 12.431 Thread 0x0000000019ca1800 6833       4       org.gradle.api.internal.artifacts.transform.TransformationNode$ChainedTransformationNode::compareTo (9 bytes)

GC Heap History (10 events):
Event: 4.398 GC heap before
{Heap before GC invocations=8 (full 1):
 PSYoungGen      total 133120K, used 62831K [0x00000000d5580000, 0x00000000de400000, 0x0000000100000000)
  eden space 121344K, 44% used [0x00000000d5580000,0x00000000d89f49f8,0x00000000dcc00000)
  from space 11776K, 77% used [0x00000000dd880000,0x00000000de167350,0x00000000de400000)
  to   space 12288K, 0% used [0x00000000dcc00000,0x00000000dcc00000,0x00000000dd800000)
 ParOldGen       total 82432K, used 7306K [0x0000000080000000, 0x0000000085080000, 0x00000000d5580000)
  object space 82432K, 8% used [0x0000000080000000,0x0000000080722a68,0x0000000085080000)
 Metaspace       used 34562K, capacity 35396K, committed 35496K, reserved 1079296K
  class space    used 4745K, capacity 4971K, committed 5040K, reserved 1048576K
Event: 4.420 GC heap after
Heap after GC invocations=8 (full 1):
 PSYoungGen      total 133632K, used 9538K [0x00000000d5580000, 0x00000000e4780000, 0x0000000100000000)
  eden space 121344K, 0% used [0x00000000d5580000,0x00000000d5580000,0x00000000dcc00000)
  from space 12288K, 77% used [0x00000000dcc00000,0x00000000dd550848,0x00000000dd800000)
  to   space 12288K, 0% used [0x00000000e3b80000,0x00000000e3b80000,0x00000000e4780000)
 ParOldGen       total 82432K, used 7314K [0x0000000080000000, 0x0000000085080000, 0x00000000d5580000)
  object space 82432K, 8% used [0x0000000080000000,0x0000000080724a68,0x0000000085080000)
 Metaspace       used 34562K, capacity 35396K, committed 35496K, reserved 1079296K
  class space    used 4745K, capacity 4971K, committed 5040K, reserved 1048576K
}
Event: 4.420 GC heap before
{Heap before GC invocations=9 (full 2):
 PSYoungGen      total 133632K, used 9538K [0x00000000d5580000, 0x00000000e4780000, 0x0000000100000000)
  eden space 121344K, 0% used [0x00000000d5580000,0x00000000d5580000,0x00000000dcc00000)
  from space 12288K, 77% used [0x00000000dcc00000,0x00000000dd550848,0x00000000dd800000)
  to   space 12288K, 0% used [0x00000000e3b80000,0x00000000e3b80000,0x00000000e4780000)
 ParOldGen       total 82432K, used 7314K [0x0000000080000000, 0x0000000085080000, 0x00000000d5580000)
  object space 82432K, 8% used [0x0000000080000000,0x0000000080724a68,0x0000000085080000)
 Metaspace       used 34562K, capacity 35396K, committed 35496K, reserved 1079296K
  class space    used 4745K, capacity 4971K, committed 5040K, reserved 1048576K
Event: 4.483 GC heap after
Heap after GC invocations=9 (full 2):
 PSYoungGen      total 133632K, used 0K [0x00000000d5580000, 0x00000000e4780000, 0x0000000100000000)
  eden space 121344K, 0% used [0x00000000d5580000,0x00000000d5580000,0x00000000dcc00000)
  from space 12288K, 0% used [0x00000000dcc00000,0x00000000dcc00000,0x00000000dd800000)
  to   space 12288K, 0% used [0x00000000e3b80000,0x00000000e3b80000,0x00000000e4780000)
 ParOldGen       total 115200K, used 16186K [0x0000000080000000, 0x0000000087080000, 0x00000000d5580000)
  object space 115200K, 14% used [0x0000000080000000,0x0000000080fcebe0,0x0000000087080000)
 Metaspace       used 34562K, capacity 35396K, committed 35496K, reserved 1079296K
  class space    used 4745K, capacity 4971K, committed 5040K, reserved 1048576K
}
Event: 6.072 GC heap before
{Heap before GC invocations=10 (full 2):
 PSYoungGen      total 133632K, used 121344K [0x00000000d5580000, 0x00000000e4780000, 0x0000000100000000)
  eden space 121344K, 100% used [0x00000000d5580000,0x00000000dcc00000,0x00000000dcc00000)
  from space 12288K, 0% used [0x00000000dcc00000,0x00000000dcc00000,0x00000000dd800000)
  to   space 12288K, 0% used [0x00000000e3b80000,0x00000000e3b80000,0x00000000e4780000)
 ParOldGen       total 115200K, used 16186K [0x0000000080000000, 0x0000000087080000, 0x00000000d5580000)
  object space 115200K, 14% used [0x0000000080000000,0x0000000080fcebe0,0x0000000087080000)
 Metaspace       used 44469K, capacity 45996K, committed 46128K, reserved 1089536K
  class space    used 6012K, capacity 6362K, committed 6448K, reserved 1048576K
Event: 6.086 GC heap after
Heap after GC invocations=10 (full 2):
 PSYoungGen      total 209408K, used 12285K [0x00000000d5580000, 0x00000000e4780000, 0x0000000100000000)
  eden space 197120K, 0% used [0x00000000d5580000,0x00000000d5580000,0x00000000e1600000)
  from space 12288K, 99% used [0x00000000e3b80000,0x00000000e477f720,0x00000000e4780000)
  to   space 14848K, 0% used [0x00000000e2a80000,0x00000000e2a80000,0x00000000e3900000)
 ParOldGen       total 115200K, used 19239K [0x0000000080000000, 0x0000000087080000, 0x00000000d5580000)
  object space 115200K, 16% used [0x0000000080000000,0x00000000812c9fd8,0x0000000087080000)
 Metaspace       used 44469K, capacity 45996K, committed 46128K, reserved 1089536K
  class space    used 6012K, capacity 6362K, committed 6448K, reserved 1048576K
}
Event: 9.415 GC heap before
{Heap before GC invocations=11 (full 2):
 PSYoungGen      total 209408K, used 187070K [0x00000000d5580000, 0x00000000e4780000, 0x0000000100000000)
  eden space 197120K, 88% used [0x00000000d5580000,0x00000000e0030328,0x00000000e1600000)
  from space 12288K, 99% used [0x00000000e3b80000,0x00000000e477f720,0x00000000e4780000)
  to   space 14848K, 0% used [0x00000000e2a80000,0x00000000e2a80000,0x00000000e3900000)
 ParOldGen       total 115200K, used 19239K [0x0000000080000000, 0x0000000087080000, 0x00000000d5580000)
  object space 115200K, 16% used [0x0000000080000000,0x00000000812c9fd8,0x0000000087080000)
 Metaspace       used 57010K, capacity 59122K, committed 59160K, reserved 1099776K
  class space    used 7720K, capacity 8229K, committed 8240K, reserved 1048576K
Event: 9.449 GC heap after
Heap after GC invocations=11 (full 2):
 PSYoungGen      total 232960K, used 14816K [0x00000000d5580000, 0x00000000e8280000, 0x0000000100000000)
  eden space 218112K, 0% used [0x00000000d5580000,0x00000000d5580000,0x00000000e2a80000)
  from space 14848K, 99% used [0x00000000e2a80000,0x00000000e38f8030,0x00000000e3900000)
  to   space 21504K, 0% used [0x00000000e6d80000,0x00000000e6d80000,0x00000000e8280000)
 ParOldGen       total 115200K, used 32898K [0x0000000080000000, 0x0000000087080000, 0x00000000d5580000)
  object space 115200K, 28% used [0x0000000080000000,0x0000000082020a30,0x0000000087080000)
 Metaspace       used 57010K, capacity 59122K, committed 59160K, reserved 1099776K
  class space    used 7720K, capacity 8229K, committed 8240K, reserved 1048576K
}
Event: 9.449 GC heap before
{Heap before GC invocations=12 (full 3):
 PSYoungGen      total 232960K, used 14816K [0x00000000d5580000, 0x00000000e8280000, 0x0000000100000000)
  eden space 218112K, 0% used [0x00000000d5580000,0x00000000d5580000,0x00000000e2a80000)
  from space 14848K, 99% used [0x00000000e2a80000,0x00000000e38f8030,0x00000000e3900000)
  to   space 21504K, 0% used [0x00000000e6d80000,0x00000000e6d80000,0x00000000e8280000)
 ParOldGen       total 115200K, used 32898K [0x0000000080000000, 0x0000000087080000, 0x00000000d5580000)
  object space 115200K, 28% used [0x0000000080000000,0x0000000082020a30,0x0000000087080000)
 Metaspace       used 57010K, capacity 59122K, committed 59160K, reserved 1099776K
  class space    used 7720K, capacity 8229K, committed 8240K, reserved 1048576K
Event: 9.869 GC heap after
Heap after GC invocations=12 (full 3):
 PSYoungGen      total 232960K, used 0K [0x00000000d5580000, 0x00000000e8280000, 0x0000000100000000)
  eden space 218112K, 0% used [0x00000000d5580000,0x00000000d5580000,0x00000000e2a80000)
  from space 14848K, 0% used [0x00000000e2a80000,0x00000000e2a80000,0x00000000e3900000)
  to   space 21504K, 0% used [0x00000000e6d80000,0x00000000e6d80000,0x00000000e8280000)
 ParOldGen       total 179712K, used 40872K [0x0000000080000000, 0x000000008af80000, 0x00000000d5580000)
  object space 179712K, 22% used [0x0000000080000000,0x00000000827ea378,0x000000008af80000)
 Metaspace       used 56985K, capacity 59038K, committed 59160K, reserved 1099776K
  class space    used 7713K, capacity 8215K, committed 8240K, reserved 1048576K
}

Deoptimization events (10 events):
Event: 10.874 Thread 0x000000001c893800 Uncommon trap: reason=unstable_if action=reinterpret pc=0x00000000034e3c68 method=com.sun.org.apache.xerces.internal.impl.XMLEntityScanner.scanLiteral(ILcom/sun/org/apache/xerces/internal/xni/XMLString;Z)I @ 660
Event: 10.878 Thread 0x000000001c893800 Uncommon trap: reason=unstable_if action=reinterpret pc=0x0000000003e5d5f8 method=com.sun.org.apache.xerces.internal.impl.XMLEntityScanner.peekChar()I @ 14
Event: 10.898 Thread 0x000000001c893800 Uncommon trap: reason=unstable_if action=reinterpret pc=0x0000000003027380 method=com.sun.org.apache.xerces.internal.util.SymbolTable.addSymbol([CII)Ljava/lang/String; @ 38
Event: 10.904 Thread 0x000000001c893800 Uncommon trap: reason=unstable_if action=reinterpret pc=0x0000000003e1340c method=java.lang.CharacterDataLatin1.digit(II)I @ 31
Event: 10.957 Thread 0x000000001c893800 Uncommon trap: reason=unstable_if action=reinterpret pc=0x0000000003c507dc method=java.lang.CharacterDataLatin1.digit(II)I @ 31
Event: 10.981 Thread 0x000000001c893800 Uncommon trap: reason=unstable_if action=reinterpret pc=0x0000000002fb9b58 method=com.google.gson.stream.JsonReader.doPeek()I @ 315
Event: 11.796 Thread 0x000000001c893800 Uncommon trap: reason=unstable_if action=reinterpret pc=0x00000000033de320 method=com.esotericsoftware.kryo.io.Input.readString()Ljava/lang/String; @ 38
Event: 12.041 Thread 0x000000001c893800 Uncommon trap: reason=unstable_if action=reinterpret pc=0x000000000373fc1c method=java.util.ArrayDeque.addLast(Ljava/lang/Object;)V @ 45
Event: 12.042 Thread 0x000000001c893800 Uncommon trap: reason=unstable_if action=reinterpret pc=0x00000000039a0994 method=java.util.ArrayDeque.addLast(Ljava/lang/Object;)V @ 45
Event: 12.313 Thread 0x000000001c893800 Uncommon trap: reason=null_check action=make_not_entrant pc=0x000000000412b4b4 method=org.gradle.cache.internal.DefaultCrossBuildInMemoryCacheFactory$DefaultCrossBuildInMemoryCache.maybeGetRetainedValue(Ljava/lang/Object;)Ljava/lang/Object; @ 10

Classes redefined (0 events):
No events

Internal exceptions (10 events):
Event: 8.939 Thread 0x000000001c893800 Exception <a 'java/lang/ClassNotFoundException': com/android/build/gradle/internal/api/ApkVariantOutputImplCustomizer> (0x00000000de2cad08) thrown at [C:\src\AOSP-openjdk-git\hotspot\src\share\vm\classfile\systemDictionary.cpp, line 210]
Event: 8.941 Thread 0x000000001c893800 Exception <a 'java/lang/ClassNotFoundException': com/android/build/gradle/internal/api/ApkVariantOutputImpl_DecoratedCustomizer> (0x00000000de3027e8) thrown at [C:\src\AOSP-openjdk-git\hotspot\src\share\vm\classfile\systemDictionary.cpp, line 210]
Event: 9.981 Thread 0x000000001c893800 Exception <a 'java/lang/NoSuchMethodError': java.lang.Object.lambda$static$0(Ljava/util/Set;Ljava/util/Set;)Z> (0x00000000d596ccf0) thrown at [C:\src\AOSP-openjdk-git\hotspot\src\share\vm\interpreter\linkResolver.cpp, line 620]
Event: 9.982 Thread 0x000000001c893800 Exception <a 'java/lang/NoSuchMethodError': java.lang.Object.lambda$static$1(Ljava/util/Set;Ljava/util/Set;)Z> (0x00000000d596fbc8) thrown at [C:\src\AOSP-openjdk-git\hotspot\src\share\vm\interpreter\linkResolver.cpp, line 620]
Event: 9.982 Thread 0x000000001c893800 Exception <a 'java/lang/NoSuchMethodError': java.lang.Object.lambda$static$2(Ljava/util/Set;Ljava/util/Set;)Z> (0x00000000d5972708) thrown at [C:\src\AOSP-openjdk-git\hotspot\src\share\vm\interpreter\linkResolver.cpp, line 620]
Event: 9.983 Thread 0x000000001c893800 Exception <a 'java/lang/NoSuchMethodError': java.lang.Object.lambda$static$3(Ljava/util/Set;Ljava/util/Set;)Z> (0x00000000d5975248) thrown at [C:\src\AOSP-openjdk-git\hotspot\src\share\vm\interpreter\linkResolver.cpp, line 620]
Event: 9.983 Thread 0x000000001c893800 Exception <a 'java/lang/NoSuchMethodError': java.lang.Object.lambda$static$4(Ljava/util/Set;Ljava/util/Set;)Z> (0x00000000d5977d88) thrown at [C:\src\AOSP-openjdk-git\hotspot\src\share\vm\interpreter\linkResolver.cpp, line 620]
Event: 10.235 Thread 0x000000001c893800 Exception <a 'java/lang/ClassNotFoundException': com/sun/org/glassfish/hk2/osgiresourcelocator/ServiceLoader> (0x00000000d66d9c60) thrown at [C:\src\AOSP-openjdk-git\hotspot\src\share\vm\classfile\systemDictionary.cpp, line 210]
Event: 10.367 Thread 0x000000001c893800 Exception <a 'java/lang/NullPointerException'> (0x00000000d6bfe398) thrown at [C:\src\AOSP-openjdk-git\hotspot\src\share\vm\interpreter\linkResolver.cpp, line 1287]
Event: 12.313 Thread 0x000000001c893800 Implicit null exception at 0x000000000412b20c to 0x000000000412b4a9

Events (10 events):
Event: 12.411 loading class com/android/build/gradle/internal/scope/GradleAwareFilterData
Event: 12.411 loading class com/android/build/gradle/internal/scope/GradleAwareFilterData done
Event: 12.413 loading class com/android/build/FilterData
Event: 12.413 loading class com/android/build/FilterData done
Event: 12.413 loading class com/android/build/FilterData
Event: 12.413 loading class com/android/build/FilterData done
Event: 12.419 loading class com/android/build/gradle/internal/core/VariantSources$manifestOverlays$gatherManifest$1
Event: 12.419 loading class com/android/build/gradle/internal/core/VariantSources$manifestOverlays$gatherManifest$1 done
Event: 12.430 loading class com/android/build/gradle/tasks/CompatibleScreensManifest$CreationAction$configure$2
Event: 12.430 loading class com/android/build/gradle/tasks/CompatibleScreensManifest$CreationAction$configure$2 done


Dynamic libraries:
0x00007ff6edfd0000 - 0x00007ff6ee001000 	D:\Android Studio Data\jre\bin\java.exe
0x00007ffad4b00000 - 0x00007ffad4cf0000 	C:\WINDOWS\SYSTEM32\ntdll.dll
0x00007ffad2fe0000 - 0x00007ffad3092000 	C:\WINDOWS\System32\KERNEL32.DLL
0x00007ffad24b0000 - 0x00007ffad2754000 	C:\WINDOWS\System32\KERNELBASE.dll
0x00007ffad2d10000 - 0x00007ffad2db3000 	C:\WINDOWS\System32\ADVAPI32.dll
0x00007ffad2dc0000 - 0x00007ffad2e5e000 	C:\WINDOWS\System32\msvcrt.dll
0x00007ffad36f0000 - 0x00007ffad3787000 	C:\WINDOWS\System32\sechost.dll
0x00007ffad3790000 - 0x00007ffad38b0000 	C:\WINDOWS\System32\RPCRT4.dll
0x00007ffad3540000 - 0x00007ffad36d4000 	C:\WINDOWS\System32\USER32.dll
0x00007ffad27c0000 - 0x00007ffad27e1000 	C:\WINDOWS\System32\win32u.dll
0x00007ffad2bb0000 - 0x00007ffad2bd6000 	C:\WINDOWS\System32\GDI32.dll
0x00007ffad28c0000 - 0x00007ffad2a56000 	C:\WINDOWS\System32\gdi32full.dll
0x00007ffad27f0000 - 0x00007ffad288e000 	C:\WINDOWS\System32\msvcp_win.dll
0x00007ffad2210000 - 0x00007ffad230a000 	C:\WINDOWS\System32\ucrtbase.dll
0x00007ffacccb0000 - 0x00007ffaccf34000 	C:\WINDOWS\WinSxS\amd64_microsoft.windows.common-controls_6595b64144ccf1df_6.0.18362.959_none_e6c7bbbf130c62bb\COMCTL32.dll
0x00007ffad3f70000 - 0x00007ffad42a5000 	C:\WINDOWS\System32\combase.dll
0x00007ffad2360000 - 0x00007ffad23e0000 	C:\WINDOWS\System32\bcryptPrimitives.dll
0x00007ffad4310000 - 0x00007ffad433e000 	C:\WINDOWS\System32\IMM32.DLL
0x000000005d080000 - 0x000000005d152000 	D:\Android Studio Data\jre\jre\bin\msvcr100.dll
0x000000005f7a0000 - 0x000000005ffeb000 	D:\Android Studio Data\jre\jre\bin\server\jvm.dll
0x00007ffad36e0000 - 0x00007ffad36e8000 	C:\WINDOWS\System32\PSAPI.DLL
0x00007ffabe2f0000 - 0x00007ffabe2f9000 	C:\WINDOWS\SYSTEM32\WSOCK32.dll
0x00007ffacf590000 - 0x00007ffacf5b4000 	C:\WINDOWS\SYSTEM32\WINMM.dll
0x00007ffad2bf0000 - 0x00007ffad2c5f000 	C:\WINDOWS\System32\WS2_32.dll
0x00007ffac8870000 - 0x00007ffac887a000 	C:\WINDOWS\SYSTEM32\VERSION.dll
0x00007ffacf560000 - 0x00007ffacf58d000 	C:\WINDOWS\SYSTEM32\winmmbase.dll
0x00007ffad2310000 - 0x00007ffad235a000 	C:\WINDOWS\System32\cfgmgr32.dll
0x00007ffac70a0000 - 0x00007ffac70af000 	D:\Android Studio Data\jre\jre\bin\verify.dll
0x00007ffac1090000 - 0x00007ffac10b9000 	D:\Android Studio Data\jre\jre\bin\java.dll
0x00007ffac5220000 - 0x00007ffac5236000 	D:\Android Studio Data\jre\jre\bin\zip.dll
0x00007ffad43d0000 - 0x00007ffad4ab6000 	C:\WINDOWS\System32\SHELL32.dll
0x00007ffad2c60000 - 0x00007ffad2d09000 	C:\WINDOWS\System32\shcore.dll
0x00007ffad1a80000 - 0x00007ffad2202000 	C:\WINDOWS\System32\windows.storage.dll
0x00007ffad19e0000 - 0x00007ffad1a03000 	C:\WINDOWS\System32\profapi.dll
0x00007ffad1a10000 - 0x00007ffad1a5a000 	C:\WINDOWS\System32\powrprof.dll
0x00007ffad19b0000 - 0x00007ffad19c0000 	C:\WINDOWS\System32\UMPDC.dll
0x00007ffad3f10000 - 0x00007ffad3f62000 	C:\WINDOWS\System32\shlwapi.dll
0x00007ffad19c0000 - 0x00007ffad19d1000 	C:\WINDOWS\System32\kernel.appcore.dll
0x00007ffad2490000 - 0x00007ffad24a7000 	C:\WINDOWS\System32\cryptsp.dll
0x00007ffac0a40000 - 0x00007ffac0a5a000 	D:\Android Studio Data\jre\jre\bin\net.dll
0x00007ffad11c0000 - 0x00007ffad1227000 	C:\WINDOWS\system32\mswsock.dll
0x00007ffac0a20000 - 0x00007ffac0a33000 	D:\Android Studio Data\jre\jre\bin\nio.dll
0x00007ffabd370000 - 0x00007ffabd396000 	C:\Users\Asus\.gradle\native\31\windows-amd64\native-platform.dll
0x00007ffac5870000 - 0x00007ffac587d000 	D:\Android Studio Data\jre\jre\bin\management.dll
0x00007ffad0d30000 - 0x00007ffad0d63000 	C:\WINDOWS\system32\rsaenh.dll
0x00007ffad2890000 - 0x00007ffad28b6000 	C:\WINDOWS\System32\bcrypt.dll
0x00007ffad18d0000 - 0x00007ffad18f5000 	C:\WINDOWS\SYSTEM32\USERENV.dll
0x00007ffad1390000 - 0x00007ffad139c000 	C:\WINDOWS\SYSTEM32\CRYPTBASE.dll
0x00007ffad0ed0000 - 0x00007ffad0f0a000 	C:\WINDOWS\SYSTEM32\IPHLPAPI.DLL
0x00007ffad2be0000 - 0x00007ffad2be8000 	C:\WINDOWS\System32\NSI.dll
0x00007ffaca3f0000 - 0x00007ffaca406000 	C:\WINDOWS\SYSTEM32\dhcpcsvc6.DLL
0x00007ffaca430000 - 0x00007ffaca44c000 	C:\WINDOWS\SYSTEM32\dhcpcsvc.DLL
0x00007ffad0f10000 - 0x00007ffad0fdb000 	C:\WINDOWS\SYSTEM32\DNSAPI.dll
0x00007ffad0320000 - 0x00007ffad0514000 	C:\WINDOWS\SYSTEM32\dbghelp.dll

VM Arguments:
jvm_args: -Xmx2048m -Dfile.encoding=windows-1252 -Duser.country=IN -Duser.language=en -Duser.variant 
java_command: org.gradle.launcher.daemon.bootstrap.GradleDaemon 6.1.1
java_class_path (initial): C:\Users\Asus\.gradle\wrapper\dists\gradle-6.1.1-all\cfmwm155h49vnt3hynmlrsdst\gradle-6.1.1\lib\gradle-launcher-6.1.1.jar
Launcher Type: SUN_STANDARD

Environment Variables:
PATH=C:\Python27\;C:\Python27\Scripts;C:\Program Files (x86)\Intel\iCLS Client\;C:\Program Files\Intel\iCLS Client\;C:\Windows\system32;C:\Windows;C:\Windows\System32\Wbem;C:\Windows\System32\WindowsPowerShell\v1.0\;C:\Windows\System32\OpenSSH\;C:\Program Files (x86)\Intel\Intel(R) Management Engine Components\DAL;C:\Program Files\Intel\Intel(R) Management Engine Components\DAL;C:\Program Files (x86)\Intel\Intel(R) Management Engine Components\IPT;C:\Program Files\Intel\Intel(R) Management Engine Components\IPT;C:\Program Files (x86)\NVIDIA Corporation\PhysX\Common;C:\Program Files\Intel\WiFi\bin\;C:\Program Files\Common Files\Intel\WirelessCommon\;C:\Program Files\Git\cmd;C:\ProgramData\chocolatey\bin;C:\Program Files (x86)\GtkSharp\2.12\bin;C:\Users\Asus\AppData\Local\Android\Sdk\platform-tools;C:\Program Files\nodejs\;%SystemRoot%\system32;%SystemRoot%;%SystemRoot%\System32\Wbem;%SYSTEMROOT%\System32\WindowsPowerShell\v1.0\;%SYSTEMROOT%\System32\OpenSSH\;C:\Users\Asus\AppData\Local\Microsoft\WindowsApps;C:\Users\Asus\AppData\Local\Programs\Microsoft VS Code\bin;C:\Program Files\JetBrains\PyCharm Community Edition 2020.1.1\bin;;C:\Users\Asus\AppData\Roaming\npm;D:\flutter\flutter_windows_1.17.3-stable\flutter\bin;
USERNAME=Asus
OS=Windows_NT
PROCESSOR_IDENTIFIER=Intel64 Family 6 Model 142 Stepping 10, GenuineIntel



---------------  S Y S T E M  ---------------

OS: Windows 10.0 , 64 bit Build 18362 (10.0.18362.959)

CPU:total 8 (initial active 8) (4 cores per cpu, 2 threads per core) family 6 model 142 stepping 10, cmov, cx8, fxsr, mmx, sse, sse2, sse3, ssse3, sse4.1, sse4.2, popcnt, avx, avx2, aes, clmul, erms, 3dnowpref, lzcnt, ht, tsc, tscinvbit, bmi1, bmi2, adx

Memory: 4k page, physical 16661048k(7418600k free), swap 24263224k(12257172k free)

vm_info: OpenJDK 64-Bit Server VM (25.242-b01) for windows-amd64 JRE (1.8.0_242-release-1644-b01), built by "builder" with MS VC++ 10.0 (VS2010)

time: Sun Sep 27 00:59:09 2020
timezone: India Standard Time
elapsed time: 12 seconds (0d 0h 0m 12s)

